<?xml version="1.0" encoding="UTF-8"?>
<robot generator="Robot 7.4.1 (Python 3.13.5 on win32)" generated="2026-02-16T17:59:14.884556" rpa="false" schemaversion="5">
<suite id="s1" name="Test" source="C:\Users\PC\Documents\tagesspiegel\assessment-task-tagesspiegel\test.robot">
<test id="s1-t1" name="Open Google" line="5">
<kw name="New Browser" owner="Browser">
<msg time="2026-02-16T17:59:16.422584" level="INFO">{"browser": "chromium", "headless": false, "chromiumSandbox": false, "devtools": false, "handleSIGHUP": true, "handleSIGINT": true, "handleSIGTERM": true, "slowMo": 0.0, "timeout": 30000.0, "tracesDir": "C:\\Users\\PC\\Documents\\tagesspiegel\\assessment-task-tagesspiegel\\browser\\traces\\temp\\57ba7b6c-0c2b-41c3-a3cb-477244d19d7a"}</msg>
<msg time="2026-02-16T17:59:16.537382" level="INFO">Starting Browser process C:\Users\PC\AppData\Local\Programs\Python\Python313\Lib\site-packages\Browser\wrapper\index.js using at 127.0.0.1:57686</msg>
<msg time="2026-02-16T17:59:18.918216" level="INFO">Successfully created browser with options: {"browser":"chromium","headless":false,"chromiumSandbox":false,"devtools":false,"handleSIGHUP":true,"handleSIGINT":true,"handleSIGTERM":true,"slowMo":0,"timeout":30000,"tracesDir":"C:\\Users\\PC\\Documents\\tagesspiegel\\assessment-task-tagesspiegel\\browser\\traces\\temp\\57ba7b6c-0c2b-41c3-a3cb-477244d19d7a"}</msg>
<arg>chromium</arg>
<arg>headless=False</arg>
<tag>BrowserControl</tag>
<tag>Setter</tag>
<doc>Create a new playwright Browser with specified options.</doc>
<status status="PASS" start="2026-02-16T17:59:16.421654" elapsed="2.496893"/>
</kw>
<kw name="New Page" owner="Browser">
<msg time="2026-02-16T17:59:20.549282" level="INFO">Successfully initialized new page object and opened url: https://google.com</msg>
<msg time="2026-02-16T17:59:20.549389" level="INFO">No context was open. New context was automatically opened when this page is created.</msg>
<arg>https://google.com</arg>
<tag>BrowserControl</tag>
<tag>Setter</tag>
<doc>Open a new Page.</doc>
<status status="PASS" start="2026-02-16T17:59:18.923627" elapsed="1.625969"/>
</kw>
<msg time="2026-02-16T17:59:20.577114" level="INFO">Switching context to context=48f17eb8-a3ba-4d91-b19e-69b7e8e15c98 in CURRENT</msg>
<msg time="2026-02-16T17:59:20.589562" level="INFO">Successfully changed active context: context=48f17eb8-a3ba-4d91-b19e-69b7e8e15c98</msg>
<msg time="2026-02-16T17:59:20.624347" level="INFO">Successfully closed Context</msg>
<status status="PASS" start="2026-02-16T17:59:16.420480" elapsed="4.129508"/>
</test>
<status status="PASS" start="2026-02-16T17:59:14.886105" elapsed="5.741153"/>
</suite>
<statistics>
<total>
<stat pass="1" fail="0" skip="0">All Tests</stat>
</total>
<tag>
</tag>
<suite>
<stat name="Test" id="s1" pass="1" fail="0" skip="0">Test</stat>
</suite>
</statistics>
<errors>
</errors>
</robot>
