<?xml version="1.0" encoding="UTF-8"?>
<robot generator="Robot 7.4.1 (Python 3.13.5 on win32)" generated="2026-02-18T20:16:19.977495" rpa="false" schemaversion="5">
<suite id="s1" name="e2e registration Test" source="C:\Users\PC\Documents\tagesspiegel\assessment-task-tagesspiegel\tests\e2e_registration_Test.robot">
<kw name="Open Tagesspiegel Application" owner="BasePage" type="SETUP">
<kw name="Set Variable" owner="BuiltIn">
<msg time="2026-02-18T20:16:20.442034" level="INFO">${BASE_URL} = https://www.tagesspiegel.de/</msg>
<var>${BASE_URL}</var>
<arg>${${ENV}_BASE_URL}</arg>
<doc>Returns the given values which can then be assigned to a variables.</doc>
<status status="PASS" start="2026-02-18T20:16:20.441453" elapsed="0.000652"/>
</kw>
<kw name="Open Browser" owner="SeleniumLibrary">
<msg time="2026-02-18T20:16:20.442667" level="INFO">Opening browser 'Chrome' to base url 'https://www.tagesspiegel.de/'.</msg>
<arg>${BASE_URL}</arg>
<arg>Chrome</arg>
<doc>Opens a new browser instance to the optional ``url``.</doc>
<status status="PASS" start="2026-02-18T20:16:20.442400" elapsed="6.095228"/>
</kw>
<kw name="Maximize Browser Window" owner="SeleniumLibrary">
<doc>Maximizes current browser window.</doc>
<status status="PASS" start="2026-02-18T20:16:26.538068" elapsed="0.103504"/>
</kw>
<kw name="Accept Cookies If Present" owner="CookiesBanner">
<kw name="Run Keyword And Return Status" owner="BuiltIn">
<kw name="Element Should Be Visible" owner="SeleniumLibrary">
<msg time="2026-02-18T20:16:26.703551" level="INFO">Element 'xpath=//iframe[contains(@id,'sp_message_iframe')]' is displayed.</msg>
<arg>${COOKIE_IFRAME}</arg>
<doc>Verifies that the element identified by ``locator`` is visible.</doc>
<status status="PASS" start="2026-02-18T20:16:26.645196" elapsed="0.058473"/>
</kw>
<msg time="2026-02-18T20:16:26.703835" level="INFO">${iframe_exists} = True</msg>
<var>${iframe_exists}</var>
<arg>Element Should Be Visible</arg>
<arg>${COOKIE_IFRAME}</arg>
<doc>Runs the specified keyword and returns the status as a Boolean value.</doc>
<status status="PASS" start="2026-02-18T20:16:26.644099" elapsed="0.059777"/>
</kw>
<if>
<branch type="IF" condition="${iframe_exists}">
<kw name="Select Frame" owner="SeleniumLibrary">
<msg time="2026-02-18T20:16:26.704490" level="INFO">Selecting frame 'xpath=//iframe[contains(@id,'sp_message_iframe')]'.</msg>
<arg>${COOKIE_IFRAME}</arg>
<doc>Sets frame identified by ``locator`` as the current frame.</doc>
<status status="PASS" start="2026-02-18T20:16:26.704275" elapsed="0.040294"/>
</kw>
<kw name="Wait Until Element Is Visible" owner="SeleniumLibrary">
<arg>${ACCEPT_BUTTON}</arg>
<arg>10s</arg>
<doc>Waits until the element ``locator`` is visible.</doc>
<status status="PASS" start="2026-02-18T20:16:26.744786" elapsed="0.025536"/>
</kw>
<kw name="Click Element" owner="SeleniumLibrary">
<msg time="2026-02-18T20:16:26.770769" level="INFO">Clicking element 'xpath=//button[contains(.,'Alle akzeptieren')]'.</msg>
<arg>${ACCEPT_BUTTON}</arg>
<doc>Click the element identified by ``locator``.</doc>
<status status="PASS" start="2026-02-18T20:16:26.770542" elapsed="0.242589"/>
</kw>
<kw name="Unselect Frame" owner="SeleniumLibrary">
<doc>Sets the main frame as the current frame.</doc>
<status status="PASS" start="2026-02-18T20:16:27.013396" elapsed="0.005272"/>
</kw>
<kw name="Wait Until Page Does Not Contain Element" owner="SeleniumLibrary">
<arg>${COOKIE_IFRAME}</arg>
<arg>10s</arg>
<doc>Waits until the element ``locator`` disappears from the current page.</doc>
<status status="PASS" start="2026-02-18T20:16:27.018929" elapsed="0.016058"/>
</kw>
<status status="PASS" start="2026-02-18T20:16:26.704053" elapsed="0.331049"/>
</branch>
<status status="PASS" start="2026-02-18T20:16:26.704009" elapsed="0.331159"/>
</if>
<status status="PASS" start="2026-02-18T20:16:26.642533" elapsed="0.392717"/>
</kw>
<doc>This keyword opens the Tagesspiegel application in a web browser
and maximizes the window. It also accepts cookies if the banner is present.</doc>
<status status="PASS" start="2026-02-18T20:16:20.440463" elapsed="6.594886"/>
</kw>
<test id="s1-t1" name="TC01 Verify that the user can navigate to the registration page" line="27">
<kw name="Get Current Date" owner="DateTime">
<msg time="2026-02-18T20:16:27.036704" level="INFO">${timestamp} = 20260218201627</msg>
<var>${timestamp}</var>
<arg>result_format=%Y%m%d%H%M%S</arg>
<doc>Returns current local or UTC time with an optional increment.</doc>
<status status="PASS" start="2026-02-18T20:16:27.036214" elapsed="0.000536"/>
</kw>
<kw name="Evaluate" owner="BuiltIn">
<msg time="2026-02-18T20:16:27.037907" level="INFO">${email_prefix} = </msg>
<var>${email_prefix}</var>
<arg>'${GMAIL_USER}'.split('@')[0]</arg>
<doc>Evaluates the given expression in Python and returns the result.</doc>
<status status="PASS" start="2026-02-18T20:16:27.037274" elapsed="0.000692"/>
</kw>
<kw name="Set Variable" owner="BuiltIn">
<msg time="2026-02-18T20:16:27.038840" level="INFO">${randon_email} = +20260218201627@gmail.com</msg>
<var>${randon_email}</var>
<arg>${email_prefix}+${timestamp}@gmail.com</arg>
<doc>Returns the given values which can then be assigned to a variables.</doc>
<status status="PASS" start="2026-02-18T20:16:27.038349" elapsed="0.000550"/>
</kw>
<kw name="Click Anmelden" owner="HomePage">
<kw name="Wait Until Element Is Visible" owner="SeleniumLibrary">
<arg>${ANMELDEN_LINK}</arg>
<arg>20s</arg>
<doc>Waits until the element ``locator`` is visible.</doc>
<status status="PASS" start="2026-02-18T20:16:27.039754" elapsed="0.032245"/>
</kw>
<kw name="Click Element" owner="SeleniumLibrary">
<msg time="2026-02-18T20:16:27.072473" level="INFO">Clicking element 'xpath=//a[@data-gtm-link-text='Anmelden']'.</msg>
<arg>${ANMELDEN_LINK}</arg>
<doc>Click the element identified by ``locator``.</doc>
<status status="PASS" start="2026-02-18T20:16:27.072237" elapsed="0.118725"/>
</kw>
<kw name="Wait Until Element Is Visible" owner="SeleniumLibrary">
<arg>${MODAL_IFRAME}</arg>
<arg>20s</arg>
<doc>Waits until the element ``locator`` is visible.</doc>
<status status="PASS" start="2026-02-18T20:16:27.191197" elapsed="3.135552"/>
</kw>
<status status="PASS" start="2026-02-18T20:16:27.039344" elapsed="3.287578"/>
</kw>
<kw name="Switch To Registration Tab" owner="LoginModalPage">
<kw name="Switch To Login Iframe" owner="LoginModalPage">
<kw name="Wait Until Element Is Visible" owner="SeleniumLibrary">
<arg>${MODAL_IFRAME}</arg>
<arg>20s</arg>
<doc>Waits until the element ``locator`` is visible.</doc>
<status status="PASS" start="2026-02-18T20:16:30.328447" elapsed="0.035378"/>
</kw>
<kw name="Select Frame" owner="SeleniumLibrary">
<msg time="2026-02-18T20:16:30.364446" level="INFO">Selecting frame 'id=modal-iframe'.</msg>
<arg>${MODAL_IFRAME}</arg>
<doc>Sets frame identified by ``locator`` as the current frame.</doc>
<status status="PASS" start="2026-02-18T20:16:30.364059" elapsed="0.057073"/>
</kw>
<kw name="Wait Until Element Is Visible" owner="SeleniumLibrary">
<arg>${REGISTER_TAB}</arg>
<arg>20s</arg>
<doc>Waits until the element ``locator`` is visible.</doc>
<status status="PASS" start="2026-02-18T20:16:30.421451" elapsed="0.026215"/>
</kw>
<status status="PASS" start="2026-02-18T20:16:30.327895" elapsed="0.119985"/>
</kw>
<kw name="Wait Until Element Is Visible" owner="SeleniumLibrary">
<arg>${REGISTER_TAB}</arg>
<arg>20s</arg>
<doc>Waits until the element ``locator`` is visible.</doc>
<status status="PASS" start="2026-02-18T20:16:30.448143" elapsed="0.027344"/>
</kw>
<kw name="Click Element" owner="SeleniumLibrary">
<msg time="2026-02-18T20:16:30.476059" level="INFO">Clicking element 'xpath=//button[@id='tab-register']'.</msg>
<arg>${REGISTER_TAB}</arg>
<doc>Click the element identified by ``locator``.</doc>
<status status="PASS" start="2026-02-18T20:16:30.475785" elapsed="0.244647"/>
</kw>
<status status="PASS" start="2026-02-18T20:16:30.327378" elapsed="0.393171"/>
</kw>
<kw name="Fill Registration Form" owner="LoginModalPage">
<kw name="Wait Until Element Is Visible" owner="SeleniumLibrary">
<arg>${EMAIL_FIELD}</arg>
<arg>20s</arg>
<doc>Waits until the element ``locator`` is visible.</doc>
<status status="PASS" start="2026-02-18T20:16:30.721676" elapsed="0.142760"/>
</kw>
<kw name="Input Text" owner="SeleniumLibrary">
<msg time="2026-02-18T20:16:30.865351" level="INFO">Typing text '+20260218201627@gmail.com' into text field 'xpath=//input[@id="forms/formRegistration_email"]'.</msg>
<arg>${EMAIL_FIELD}</arg>
<arg>${email}</arg>
<doc>Types the given ``text`` into the text field identified by ``locator``.</doc>
<status status="PASS" start="2026-02-18T20:16:30.864734" elapsed="0.344958"/>
</kw>
<kw name="Input Text" owner="SeleniumLibrary">
<msg time="2026-02-18T20:16:31.210210" level="INFO">Typing text 'John' into text field 'xpath=//input[@id="forms/formRegistration_forename"]'.</msg>
<arg>${FIRST_NAME_FIELD}</arg>
<arg>${first_name}</arg>
<doc>Types the given ``text`` into the text field identified by ``locator``.</doc>
<status status="PASS" start="2026-02-18T20:16:31.209916" elapsed="0.179344"/>
</kw>
<kw name="Input Text" owner="SeleniumLibrary">
<msg time="2026-02-18T20:16:31.389793" level="INFO">Typing text 'Doew' into text field 'xpath=//input[@id="forms/formRegistration_surname"]'.</msg>
<arg>${SURNAME_FIELD}</arg>
<arg>${last_name}</arg>
<doc>Types the given ``text`` into the text field identified by ``locator``.</doc>
<status status="PASS" start="2026-02-18T20:16:31.389501" elapsed="0.165648"/>
</kw>
<arg>${randon_email}</arg>
<arg>John</arg>
<arg>Doew</arg>
<doc>This keyword fills the registration form with email, first name and surname.</doc>
<status status="PASS" start="2026-02-18T20:16:30.721037" elapsed="0.834248"/>
</kw>
<kw name="Submit Registration Form" owner="LoginModalPage">
<kw name="Wait Until Element Is Visible" owner="SeleniumLibrary">
<arg>${REGISTER_BUTTON}</arg>
<arg>20s</arg>
<doc>Waits until the element ``locator`` is visible.</doc>
<status status="PASS" start="2026-02-18T20:16:31.556276" elapsed="0.032784"/>
</kw>
<kw name="Capture Page Screenshot" owner="SeleniumLibrary">
<msg time="2026-02-18T20:16:31.882313" level="INFO" html="true">&lt;/td&gt;&lt;/tr&gt;&lt;tr&gt;&lt;td colspan="3"&gt;&lt;a href="before_submit.png"&gt;&lt;img src="before_submit.png" width="800px"&gt;&lt;/a&gt;</msg>
<arg>before_submit.png</arg>
<doc>Takes a screenshot of the current page and embeds it into a log file.</doc>
<status status="PASS" start="2026-02-18T20:16:31.589276" elapsed="0.293231"/>
</kw>
<kw name="Click Element" owner="SeleniumLibrary">
<msg time="2026-02-18T20:16:31.883476" level="INFO">Clicking element 'xpath=//button[.//span[normalize-space()='Jetzt registrieren']]'.</msg>
<arg>${REGISTER_BUTTON}</arg>
<doc>Click the element identified by ``locator``.</doc>
<status status="PASS" start="2026-02-18T20:16:31.883002" elapsed="0.272552"/>
</kw>
<kw name="Capture Page Screenshot" owner="SeleniumLibrary">
<msg time="2026-02-18T20:16:32.601159" level="INFO" html="true">&lt;/td&gt;&lt;/tr&gt;&lt;tr&gt;&lt;td colspan="3"&gt;&lt;a href="after_submit.png"&gt;&lt;img src="after_submit.png" width="800px"&gt;&lt;/a&gt;</msg>
<arg>after_submit.png</arg>
<doc>Takes a screenshot of the current page and embeds it into a log file.</doc>
<status status="PASS" start="2026-02-18T20:16:32.155772" elapsed="0.445505"/>
</kw>
<doc>This keyword clicks on the "Jetzt registrieren" button to submit the registration form.</doc>
<status status="PASS" start="2026-02-18T20:16:31.555780" elapsed="1.045615"/>
</kw>
<kw name="Get Registration Link From Email" owner="Email">
<kw name="Authorize Imap" owner="RPA.Email.ImapSmtp">
<msg time="2026-02-18T20:16:32.602690" level="WARN">Server address, account and password are needed for authentication with IMAP</msg>
<msg time="2026-02-18T20:16:32.603127" level="WARN">Not able to establish IMAP connection</msg>
<arg>account=${gmail_user}</arg>
<arg>password=${gmail_password}</arg>
<arg>imap_server=${IMAP_SERVER}</arg>
<arg>imap_port=${iMAP_PORT}</arg>
<doc>Authorize to IMAP server.</doc>
<status status="PASS" start="2026-02-18T20:16:32.602257" elapsed="0.001248"/>
</kw>
<kw name="Select Mailbox">
<msg time="2026-02-18T20:16:32.606248" level="FAIL">No keyword with name 'Select Mailbox' found.</msg>
<arg>INBOX</arg>
<status status="FAIL" start="2026-02-18T20:16:32.606182" elapsed="0.000122">No keyword with name 'Select Mailbox' found.</status>
</kw>
<kw name="Wait For Registration Email" owner="Email">
<var>${registration_link}</var>
<arg>${recipient_email}</arg>
<doc>This keyword waits for the registration email to arrive in the inbox.</doc>
<status status="NOT RUN" start="2026-02-18T20:16:32.606515" elapsed="0.000069"/>
</kw>
<kw name="Close Mailbox">
<status status="NOT RUN" start="2026-02-18T20:16:32.606740" elapsed="0.000029"/>
</kw>
<return>
<value>${registration_link}</value>
<status status="NOT RUN" start="2026-02-18T20:16:32.606819" elapsed="0.000040"/>
</return>
<var>${reg_link}</var>
<arg>${randon_email}</arg>
<arg>${GMAIL_USER}</arg>
<arg>${GMAIL_APP_PASSWORD}</arg>
<doc>This keyword retrieves the registration link from the
latest email sent to the specified recipient.</doc>
<status status="FAIL" start="2026-02-18T20:16:32.601777" elapsed="0.005232">No keyword with name 'Select Mailbox' found.</status>
</kw>
<kw name="Log" owner="BuiltIn">
<arg>Registration link received: ${reg_link}</arg>
<doc>Logs the given message with the given level.</doc>
<status status="NOT RUN" start="2026-02-18T20:16:32.607354" elapsed="0.000036"/>
</kw>
<kw name="Go To" owner="SeleniumLibrary">
<arg>${reg_link}</arg>
<doc>Navigates the current browser window to the provided ``url``.</doc>
<status status="NOT RUN" start="2026-02-18T20:16:32.607623" elapsed="0.000035"/>
</kw>
<kw name="Verify Password Set Page Is Open" owner="NewPasswordPage">
<doc>This keyword verifies that the user is on the password set page
by checking the presence of the header "Passwort vergeben".</doc>
<status status="NOT RUN" start="2026-02-18T20:16:32.608005" elapsed="0.000050"/>
</kw>
<kw name="Fill New Password Form" owner="NewPasswordPage">
<doc>This keyword fills the new password form with a generated password and confirms it.</doc>
<status status="NOT RUN" start="2026-02-18T20:16:32.608400" elapsed="0.000043"/>
</kw>
<kw name="Click On Submit Button By Accepting Permissions" owner="NewPasswordPage">
<doc>This keyword clicks on the submit button to set the new password.</doc>
<status status="NOT RUN" start="2026-02-18T20:16:32.608693" elapsed="0.000037"/>
</kw>
<doc>This test case verifies that the user can navigate to the registration page
by clicking on the "Anmelden" button and then clicking on the "Register" tab.</doc>
<status status="FAIL" start="2026-02-18T20:16:27.035443" elapsed="5.573593">No keyword with name 'Select Mailbox' found.</status>
</test>
<status status="FAIL" start="2026-02-18T20:16:19.979247" elapsed="12.630796"/>
</suite>
<statistics>
<total>
<stat pass="0" fail="1" skip="0">All Tests</stat>
</total>
<tag>
</tag>
<suite>
<stat name="e2e registration Test" id="s1" pass="0" fail="1" skip="0">e2e registration Test</stat>
</suite>
</statistics>
<errors>
<msg time="2026-02-18T20:16:32.602690" level="WARN">Server address, account and password are needed for authentication with IMAP</msg>
<msg time="2026-02-18T20:16:32.603127" level="WARN">Not able to establish IMAP connection</msg>
</errors>
</robot>
