<?xml version="1.0" encoding="UTF-8"?>
<robot generator="Robot 7.4.1 (Python 3.13.5 on win32)" generated="2026-02-17T19:43:48.478902" rpa="false" schemaversion="5">
<suite id="s1" name="registrationTest" source="C:\Users\PC\Documents\tagesspiegel\assessment-task-tagesspiegel\tests\registrationTest.robot">
<kw name="Open Tagesspiegel Application" owner="BasePage" type="SETUP">
<kw name="Open Browser" owner="SeleniumLibrary">
<msg time="2026-02-17T19:43:49.350866" level="INFO">Opening browser 'Chrome' to base url 'https://www.tagesspiegel.de/'.</msg>
<arg>${BASE_URL}</arg>
<arg>Chrome</arg>
<doc>Opens a new browser instance to the optional ``url``.</doc>
<status status="PASS" start="2026-02-17T19:43:49.350625" elapsed="8.232374"/>
</kw>
<kw name="Maximize Browser Window" owner="SeleniumLibrary">
<doc>Maximizes current browser window.</doc>
<status status="PASS" start="2026-02-17T19:43:57.583444" elapsed="0.128696"/>
</kw>
<kw name="Accept Cookies If Present" owner="CookiesBanner">
<kw name="Run Keyword And Return Status" owner="BuiltIn">
<kw name="Element Should Be Visible" owner="SeleniumLibrary">
<msg time="2026-02-17T19:43:57.769134" level="INFO">Element 'xpath=//iframe[contains(@id,'sp_message_iframe')]' is displayed.</msg>
<arg>${COOKIE_IFRAME}</arg>
<doc>Verifies that the element identified by ``locator`` is visible.</doc>
<status status="PASS" start="2026-02-17T19:43:57.716727" elapsed="0.052574"/>
</kw>
<msg time="2026-02-17T19:43:57.769552" level="INFO">${iframe_exists} = True</msg>
<var>${iframe_exists}</var>
<arg>Element Should Be Visible</arg>
<arg>${COOKIE_IFRAME}</arg>
<doc>Runs the specified keyword and returns the status as a Boolean value.</doc>
<status status="PASS" start="2026-02-17T19:43:57.715606" elapsed="0.054006"/>
</kw>
<if>
<branch type="IF" condition="${iframe_exists}">
<kw name="Select Frame" owner="SeleniumLibrary">
<msg time="2026-02-17T19:43:57.770392" level="INFO">Selecting frame 'xpath=//iframe[contains(@id,'sp_message_iframe')]'.</msg>
<arg>${COOKIE_IFRAME}</arg>
<doc>Sets frame identified by ``locator`` as the current frame.</doc>
<status status="PASS" start="2026-02-17T19:43:57.770090" elapsed="0.079804"/>
</kw>
<kw name="Wait Until Element Is Visible" owner="SeleniumLibrary">
<arg>${ACCEPT_BUTTON}</arg>
<arg>10s</arg>
<doc>Waits until the element ``locator`` is visible.</doc>
<status status="PASS" start="2026-02-17T19:43:57.850299" elapsed="0.050480"/>
</kw>
<kw name="Click Element" owner="SeleniumLibrary">
<msg time="2026-02-17T19:43:57.901246" level="INFO">Clicking element 'xpath=//button[contains(.,'Alle akzeptieren')]'.</msg>
<arg>${ACCEPT_BUTTON}</arg>
<doc>Click the element identified by ``locator``.</doc>
<status status="PASS" start="2026-02-17T19:43:57.900992" elapsed="0.239799"/>
</kw>
<kw name="Unselect Frame" owner="SeleniumLibrary">
<doc>Sets the main frame as the current frame.</doc>
<status status="PASS" start="2026-02-17T19:43:58.141444" elapsed="0.008424"/>
</kw>
<kw name="Wait Until Page Does Not Contain Element" owner="SeleniumLibrary">
<arg>${COOKIE_IFRAME}</arg>
<arg>10s</arg>
<doc>Waits until the element ``locator`` disappears from the current page.</doc>
<status status="PASS" start="2026-02-17T19:43:58.150140" elapsed="0.031799"/>
</kw>
<status status="PASS" start="2026-02-17T19:43:57.769827" elapsed="0.412244"/>
</branch>
<status status="PASS" start="2026-02-17T19:43:57.769764" elapsed="0.412372"/>
</if>
<status status="PASS" start="2026-02-17T19:43:57.714308" elapsed="0.467903"/>
</kw>
<status status="PASS" start="2026-02-17T19:43:49.349861" elapsed="8.832420"/>
</kw>
<test id="s1-t1" name="TC01 Verify that the user can navigate to the registration page" line="19">
<kw name="Click Anmelden" owner="HomePage">
<kw name="Wait Until Element Is Visible" owner="SeleniumLibrary">
<arg>${ANMELDEN_LINK}</arg>
<arg>20s</arg>
<doc>Waits until the element ``locator`` is visible.</doc>
<status status="PASS" start="2026-02-17T19:43:58.183332" elapsed="0.022266"/>
</kw>
<kw name="Click Element" owner="SeleniumLibrary">
<msg time="2026-02-17T19:43:58.206331" level="INFO">Clicking element 'xpath=//a[@data-gtm-link-text='Anmelden']'.</msg>
<arg>${ANMELDEN_LINK}</arg>
<doc>Click the element identified by ``locator``.</doc>
<status status="PASS" start="2026-02-17T19:43:58.205906" elapsed="0.120066"/>
</kw>
<kw name="Wait Until Element Is Visible" owner="SeleniumLibrary">
<arg>${MODAL_IFRAME}</arg>
<arg>20s</arg>
<doc>Waits until the element ``locator`` is visible.</doc>
<status status="PASS" start="2026-02-17T19:43:58.326265" elapsed="2.815420"/>
</kw>
<status status="PASS" start="2026-02-17T19:43:58.183000" elapsed="2.958891"/>
</kw>
<kw name="Click on Register Tab" owner="HomePage">
<kw name="Switch To Login Iframe" owner="HomePage">
<kw name="Wait Until Element Is Visible" owner="SeleniumLibrary">
<arg>${MODAL_IFRAME}</arg>
<arg>20s</arg>
<doc>Waits until the element ``locator`` is visible.</doc>
<status status="PASS" start="2026-02-17T19:44:01.143299" elapsed="0.078743"/>
</kw>
<kw name="Select Frame" owner="SeleniumLibrary">
<msg time="2026-02-17T19:44:01.222760" level="INFO">Selecting frame 'id=modal-iframe'.</msg>
<arg>${MODAL_IFRAME}</arg>
<doc>Sets frame identified by ``locator`` as the current frame.</doc>
<status status="PASS" start="2026-02-17T19:44:01.222287" elapsed="0.035036"/>
</kw>
<status status="PASS" start="2026-02-17T19:44:01.142870" elapsed="0.114563"/>
</kw>
<kw name="Wait Until Element Is Visible" owner="SeleniumLibrary">
<arg>${REGISTER_TAB}</arg>
<arg>20s</arg>
<doc>Waits until the element ``locator`` is visible.</doc>
<status status="PASS" start="2026-02-17T19:44:01.257568" elapsed="0.023187"/>
</kw>
<kw name="Click Element" owner="SeleniumLibrary">
<msg time="2026-02-17T19:44:01.281168" level="INFO">Clicking element 'xpath=//button[@id='tab-register']'.</msg>
<arg>${REGISTER_TAB}</arg>
<doc>Click the element identified by ``locator``.</doc>
<status status="PASS" start="2026-02-17T19:44:01.280943" elapsed="0.326364"/>
</kw>
<status status="PASS" start="2026-02-17T19:44:01.142438" elapsed="0.465053"/>
</kw>
<kw name="Fill Registration Form With Unique Data" owner="HomePage">
<kw name="Generate Random String" owner="String">
<msg time="2026-02-17T19:44:01.609157" level="INFO">${RANDOM_STRING} = mpCl</msg>
<var>${RANDOM_STRING}</var>
<arg>4</arg>
<arg>[LETTERS]</arg>
<doc>Generates a string with a desired ``length`` from the given ``chars``.</doc>
<status status="PASS" start="2026-02-17T19:44:01.608737" elapsed="0.000458"/>
</kw>
<kw name="Set Variable" owner="BuiltIn">
<msg time="2026-02-17T19:44:01.609901" level="INFO">${FIRST_NAME} = User_mpCl</msg>
<var>${FIRST_NAME}</var>
<arg>User_${RANDOM_STRING}</arg>
<doc>Returns the given values which can then be assigned to a variables.</doc>
<status status="PASS" start="2026-02-17T19:44:01.609369" elapsed="0.000567"/>
</kw>
<kw name="Set Variable" owner="BuiltIn">
<msg time="2026-02-17T19:44:01.610350" level="INFO">${LAST_NAME} = Test_mpCl</msg>
<var>${LAST_NAME}</var>
<arg>Test_${RANDOM_STRING}</arg>
<doc>Returns the given values which can then be assigned to a variables.</doc>
<status status="PASS" start="2026-02-17T19:44:01.610070" elapsed="0.000310"/>
</kw>
<kw name="Set Variable" owner="BuiltIn">
<msg time="2026-02-17T19:44:01.610762" level="INFO">${UNIQUE_EMAIL_ID} = johntestemail1792+mpCl@gmail.com</msg>
<var>${UNIQUE_EMAIL_ID}</var>
<arg>johntestemail1792+${RANDOM_STRING}@gmail.com</arg>
<doc>Returns the given values which can then be assigned to a variables.</doc>
<status status="PASS" start="2026-02-17T19:44:01.610495" elapsed="0.000296"/>
</kw>
<kw name="Input Text" owner="SeleniumLibrary">
<msg time="2026-02-17T19:44:01.611119" level="INFO">Typing text 'User_mpCl' into text field 'xpath=//input[@id="forms/formRegistration_forename"]'.</msg>
<arg>${FIRST_NAME_FIELD}</arg>
<arg>${FIRST_NAME}</arg>
<doc>Types the given ``text`` into the text field identified by ``locator``.</doc>
<status status="PASS" start="2026-02-17T19:44:01.610913" elapsed="0.403444"/>
</kw>
<kw name="Input Text" owner="SeleniumLibrary">
<msg time="2026-02-17T19:44:02.015080" level="INFO">Typing text 'Test_mpCl' into text field 'xpath=//input[@id="forms/formRegistration_surname"]'.</msg>
<arg>${SURNAME_FIELD}</arg>
<arg>${LAST_NAME}</arg>
<doc>Types the given ``text`` into the text field identified by ``locator``.</doc>
<status status="PASS" start="2026-02-17T19:44:02.014576" elapsed="0.168003"/>
</kw>
<kw name="Input Text" owner="SeleniumLibrary">
<msg time="2026-02-17T19:44:02.183750" level="INFO">Typing text 'johntestemail1792+mpCl@gmail.com' into text field 'xpath=//input[@id="forms/formRegistration_email"]'.</msg>
<arg>${EMAIL_FIELD}</arg>
<arg>${UNIQUE_EMAIL_ID}</arg>
<doc>Types the given ``text`` into the text field identified by ``locator``.</doc>
<status status="PASS" start="2026-02-17T19:44:02.182813" elapsed="0.225212"/>
</kw>
<return>
<value>${UNIQUE_EMAIL_ID}</value>
<status status="PASS" start="2026-02-17T19:44:02.408185" elapsed="0.000103"/>
</return>
<kw name="Wait Until Element Is Visible" owner="SeleniumLibrary">
<arg>${REGISTER_BUTTON}</arg>
<arg>20s</arg>
<doc>Waits until the element ``locator`` is visible.</doc>
<status status="NOT RUN" start="2026-02-17T19:44:02.408660" elapsed="0.000104"/>
</kw>
<msg time="2026-02-17T19:44:02.409364" level="INFO">${registration_email} = johntestemail1792+mpCl@gmail.com</msg>
<var>${registration_email}</var>
<status status="PASS" start="2026-02-17T19:44:01.608232" elapsed="0.801272"/>
</kw>
<kw name="Submit Registration Form" owner="HomePage">
<kw name="Click Element" owner="SeleniumLibrary">
<msg time="2026-02-17T19:44:02.410905" level="INFO">Clicking element 'xpath=//button[.//span[normalize-space()='Jetzt registrieren']]'.</msg>
<arg>${REGISTER_BUTTON}</arg>
<doc>Click the element identified by ``locator``.</doc>
<status status="PASS" start="2026-02-17T19:44:02.410520" elapsed="0.371341"/>
</kw>
<status status="PASS" start="2026-02-17T19:44:02.410206" elapsed="0.371875"/>
</kw>
<kw name="Get Registration Link From Email" owner="Email">
<kw name="Authorize Imap" owner="RPA.Email.ImapSmtp">
<msg time="2026-02-17T19:44:03.205826" level="FAIL">error: b'[ALERT] Invalid credentials (Failure)'</msg>
<arg>account=${GMAIL_USER}</arg>
<arg>password=${GMAIL_PASSWORD}</arg>
<arg>imap_server=${IMAP_SERVER}</arg>
<doc>Authorize to IMAP server.</doc>
<status status="FAIL" start="2026-02-17T19:44:02.783523" elapsed="0.477088">error: b'[ALERT] Invalid credentials (Failure)'</status>
</kw>
<kw name="Wait Until Keyword Succeeds" owner="BuiltIn">
<var>${registration_link}</var>
<arg>1 min</arg>
<arg>5 sec</arg>
<arg>Get Registration Link From Latest Email</arg>
<arg>${recipient_email}</arg>
<doc>Runs the specified keyword and retries if it fails.</doc>
<status status="NOT RUN" start="2026-02-17T19:44:03.262195" elapsed="0.000185"/>
</kw>
<return>
<value>${registration_link}</value>
<status status="NOT RUN" start="2026-02-17T19:44:03.262615" elapsed="0.000110"/>
</return>
<var>${link}</var>
<arg>${registration_email}</arg>
<status status="FAIL" start="2026-02-17T19:44:02.782715" elapsed="0.480342">error: b'[ALERT] Invalid credentials (Failure)'</status>
</kw>
<kw name="Log" owner="BuiltIn">
<arg>Registration link received: ${link}</arg>
<doc>Logs the given message with the given level.</doc>
<status status="NOT RUN" start="2026-02-17T19:44:03.264088" elapsed="0.000144"/>
</kw>
<kw name="Go To" owner="SeleniumLibrary">
<arg>${link}</arg>
<doc>Navigates the current browser window to the provided ``url``.</doc>
<status status="NOT RUN" start="2026-02-17T19:44:03.264829" elapsed="0.000093"/>
</kw>
<status status="FAIL" start="2026-02-17T19:43:58.182364" elapsed="5.083323">error: b'[ALERT] Invalid credentials (Failure)'</status>
</test>
<status status="FAIL" start="2026-02-17T19:43:48.481197" elapsed="14.786758"/>
</suite>
<statistics>
<total>
<stat pass="0" fail="1" skip="0">All Tests</stat>
</total>
<tag>
</tag>
<suite>
<stat name="registrationTest" id="s1" pass="0" fail="1" skip="0">registrationTest</stat>
</suite>
</statistics>
<errors>
</errors>
</robot>
