<?xml version="1.0" encoding="UTF-8"?>
<robot generator="Robot 7.4.1 (Python 3.13.5 on win32)" generated="2026-02-19T13:18:49.817743" rpa="false" schemaversion="5">
<suite id="s1" name="e2e registration Test" source="C:\Users\PC\Documents\tagesspiegel\assessment-task-tagesspiegel\tests\e2e_registration_Test.robot">
<kw name="Open Tagesspiegel Application" owner="BasePage" type="SETUP">
<kw name="Set Variable" owner="BuiltIn">
<msg time="2026-02-19T13:18:50.546879" level="INFO">${BASE_URL} = https://www.tagesspiegel.de/</msg>
<var>${BASE_URL}</var>
<arg>${environments}[${ENV}][base_url]</arg>
<doc>Returns the given values which can then be assigned to a variables.</doc>
<status status="PASS" start="2026-02-19T13:18:50.545796" elapsed="0.001193"/>
</kw>
<kw name="Log To Console" owner="BuiltIn">
<arg>Running tests on ${ENV} environment</arg>
<doc>Logs the given message to the console.</doc>
<status status="PASS" start="2026-02-19T13:18:50.547452" elapsed="0.000929"/>
</kw>
<kw name="Open Browser" owner="SeleniumLibrary">
<msg time="2026-02-19T13:18:50.549298" level="INFO">Opening browser 'chrome' to base url 'https://www.tagesspiegel.de/'.</msg>
<arg>${BASE_URL}</arg>
<arg>${BROWSER}</arg>
<doc>Opens a new browser instance to the optional ``url``.</doc>
<status status="PASS" start="2026-02-19T13:18:50.548704" elapsed="7.916694"/>
</kw>
<kw name="Maximize Browser Window" owner="SeleniumLibrary">
<doc>Maximizes current browser window.</doc>
<status status="PASS" start="2026-02-19T13:18:58.466098" elapsed="0.200270"/>
</kw>
<kw name="Accept Cookies If Present" owner="HomePage">
<kw name="Run Keyword And Return Status" owner="BuiltIn">
<kw name="Element Should Be Visible" owner="SeleniumLibrary">
<msg time="2026-02-19T13:18:58.768163" level="INFO">Element 'xpath=//iframe[contains(@id,'sp_message_iframe')]' is displayed.</msg>
<arg>${COOKIE_IFRAME}</arg>
<doc>Verifies that the element identified by ``locator`` is visible.</doc>
<status status="PASS" start="2026-02-19T13:18:58.669873" elapsed="0.098526"/>
</kw>
<msg time="2026-02-19T13:18:58.768802" level="INFO">${iframe_exists} = True</msg>
<var>${iframe_exists}</var>
<arg>Element Should Be Visible</arg>
<arg>${COOKIE_IFRAME}</arg>
<doc>Runs the specified keyword and returns the status as a Boolean value.</doc>
<status status="PASS" start="2026-02-19T13:18:58.667705" elapsed="0.101231"/>
</kw>
<if>
<branch type="IF" condition="${iframe_exists}">
<kw name="Select Frame" owner="SeleniumLibrary">
<msg time="2026-02-19T13:18:58.770892" level="INFO">Selecting frame 'xpath=//iframe[contains(@id,'sp_message_iframe')]'.</msg>
<arg>${COOKIE_IFRAME}</arg>
<doc>Sets frame identified by ``locator`` as the current frame.</doc>
<status status="PASS" start="2026-02-19T13:18:58.770276" elapsed="0.162572"/>
</kw>
<kw name="Wait Until Element Is Visible" owner="SeleniumLibrary">
<arg>${ACCEPT_BUTTON}</arg>
<arg>${WAIT_TIME_10SEC}</arg>
<doc>Waits until the element ``locator`` is visible.</doc>
<status status="PASS" start="2026-02-19T13:18:58.934397" elapsed="0.109166"/>
</kw>
<kw name="Click Element" owner="SeleniumLibrary">
<msg time="2026-02-19T13:18:59.045399" level="INFO">Clicking element 'xpath=//button[contains(.,'Alle akzeptieren')]'.</msg>
<arg>${ACCEPT_BUTTON}</arg>
<doc>Click the element identified by ``locator``.</doc>
<status status="PASS" start="2026-02-19T13:18:59.044441" elapsed="0.838328"/>
</kw>
<kw name="Unselect Frame" owner="SeleniumLibrary">
<doc>Sets the main frame as the current frame.</doc>
<status status="PASS" start="2026-02-19T13:18:59.883316" elapsed="0.017005"/>
</kw>
<kw name="Wait Until Page Does Not Contain Element" owner="SeleniumLibrary">
<arg>${COOKIE_IFRAME}</arg>
<arg>${WAIT_TIME_10SEC}</arg>
<doc>Waits until the element ``locator`` disappears from the current page.</doc>
<status status="PASS" start="2026-02-19T13:18:59.901065" elapsed="0.033532"/>
</kw>
<status status="PASS" start="2026-02-19T13:18:58.769451" elapsed="1.165334"/>
</branch>
<status status="PASS" start="2026-02-19T13:18:58.769345" elapsed="1.165577"/>
</if>
<doc>Accepts cookies if the cookie banner is present on the page</doc>
<status status="PASS" start="2026-02-19T13:18:58.666989" elapsed="1.268119"/>
</kw>
<doc>This keyword opens the Tagesspiegel application in a web browser
and maximizes the window. It also accepts cookies if the banner is present</doc>
<status status="PASS" start="2026-02-19T13:18:50.543126" elapsed="9.392225"/>
</kw>
<test id="s1-t1" name="TC01 Verify that the user can navigate to the registration page" line="21">
<kw name="Get Current Date" owner="DateTime">
<msg time="2026-02-19T13:18:59.938613" level="INFO">${timestamp} = 20260219131859</msg>
<var>${timestamp}</var>
<arg>result_format=%Y%m%d%H%M%S</arg>
<doc>Returns current local or UTC time with an optional increment.</doc>
<status status="PASS" start="2026-02-19T13:18:59.937881" elapsed="0.000817"/>
</kw>
<kw name="Evaluate" owner="BuiltIn">
<msg time="2026-02-19T13:18:59.940628" level="INFO">${email_prefix} = arjun.dandagi</msg>
<var>${email_prefix}</var>
<arg>'${GMAIL_USER}'.split('@')[0]</arg>
<doc>Evaluates the given expression in Python and returns the result.</doc>
<status status="PASS" start="2026-02-19T13:18:59.939268" elapsed="0.001581"/>
</kw>
<kw name="Set Variable" owner="BuiltIn">
<msg time="2026-02-19T13:18:59.943215" level="INFO">${randon_email} = arjun.dandagi+20260219131859@gmail.com</msg>
<var>${randon_email}</var>
<arg>${email_prefix}+${timestamp}@gmail.com</arg>
<doc>Returns the given values which can then be assigned to a variables.</doc>
<status status="PASS" start="2026-02-19T13:18:59.941735" elapsed="0.001622"/>
</kw>
<kw name="Click Anmelden Modal" owner="HomePage">
<kw name="Wait Until Element Is Visible" owner="SeleniumLibrary">
<arg>${ANMELDEN_LINK}</arg>
<arg>${WAIT_TIME_10SEC}</arg>
<doc>Waits until the element ``locator`` is visible.</doc>
<status status="PASS" start="2026-02-19T13:18:59.945472" elapsed="0.065898"/>
</kw>
<kw name="Click Element" owner="SeleniumLibrary">
<msg time="2026-02-19T13:19:00.012842" level="INFO">Clicking element 'xpath=//a[@data-gtm-link-text='Anmelden']'.</msg>
<arg>${ANMELDEN_LINK}</arg>
<doc>Click the element identified by ``locator``.</doc>
<status status="PASS" start="2026-02-19T13:19:00.012065" elapsed="0.521770"/>
</kw>
<kw name="Wait Until Element Is Visible" owner="SeleniumLibrary">
<arg>${MODAL_IFRAME}</arg>
<arg>${WAIT_TIME_10SEC}</arg>
<doc>Waits until the element ``locator`` is visible.</doc>
<status status="PASS" start="2026-02-19T13:19:00.534245" elapsed="4.652776"/>
</kw>
<doc>Click on the Anmelden link and wait for the login modal to appear</doc>
<status status="PASS" start="2026-02-19T13:18:59.944631" elapsed="5.242873"/>
</kw>
<kw name="Switch To Registration Tab" owner="LoginModalPage">
<kw name="Switch To Login Iframe" owner="LoginModalPage">
<kw name="Wait Until Element Is Visible" owner="SeleniumLibrary">
<arg>${MODAL_IFRAME}</arg>
<arg>${WAIT_TIME_20SEC}</arg>
<doc>Waits until the element ``locator`` is visible.</doc>
<status status="PASS" start="2026-02-19T13:19:05.190625" elapsed="0.094112"/>
</kw>
<kw name="Select Frame" owner="SeleniumLibrary">
<msg time="2026-02-19T13:19:05.286509" level="INFO">Selecting frame 'id=modal-iframe'.</msg>
<arg>${MODAL_IFRAME}</arg>
<doc>Sets frame identified by ``locator`` as the current frame.</doc>
<status status="PASS" start="2026-02-19T13:19:05.285516" elapsed="0.118571"/>
</kw>
<kw name="Wait Until Element Is Visible" owner="SeleniumLibrary">
<arg>${REGISTER_TAB}</arg>
<arg>${WAIT_TIME_20SEC}</arg>
<doc>Waits until the element ``locator`` is visible.</doc>
<status status="PASS" start="2026-02-19T13:19:05.404922" elapsed="0.561297"/>
</kw>
<doc>This keyword switches to the login modal iframe
and waits for the registration tab to be visible.</doc>
<status status="PASS" start="2026-02-19T13:19:05.189856" elapsed="0.776616"/>
</kw>
<kw name="Wait Until Element Is Visible" owner="SeleniumLibrary">
<arg>${REGISTER_TAB}</arg>
<arg>${WAIT_TIME_20SEC}</arg>
<doc>Waits until the element ``locator`` is visible.</doc>
<status status="PASS" start="2026-02-19T13:19:05.966881" elapsed="0.108565"/>
</kw>
<kw name="Click Element" owner="SeleniumLibrary">
<msg time="2026-02-19T13:19:06.076876" level="INFO">Clicking element 'xpath=//button[@id='tab-register']'.</msg>
<arg>${REGISTER_TAB}</arg>
<doc>Click the element identified by ``locator``.</doc>
<status status="PASS" start="2026-02-19T13:19:06.076281" elapsed="0.616085"/>
</kw>
<doc>This keyword clicks on the "Registrieren" tab to switch to the registration form.</doc>
<status status="PASS" start="2026-02-19T13:19:05.188721" elapsed="1.503840"/>
</kw>
<kw name="Fill Registration Form" owner="LoginModalPage">
<kw name="Wait Until Element Is Visible" owner="SeleniumLibrary">
<arg>${EMAIL_FIELD}</arg>
<arg>${WAIT_TIME_20SEC}</arg>
<doc>Waits until the element ``locator`` is visible.</doc>
<status status="PASS" start="2026-02-19T13:19:06.694951" elapsed="0.048058"/>
</kw>
<kw name="Input Text" owner="SeleniumLibrary">
<msg time="2026-02-19T13:19:06.744174" level="INFO">Typing text 'arjun.dandagi+20260219131859@gmail.com' into text field 'xpath=//input[@id="forms/formRegistration_email"]'.</msg>
<arg>${EMAIL_FIELD}</arg>
<arg>${email}</arg>
<doc>Types the given ``text`` into the text field identified by ``locator``.</doc>
<status status="PASS" start="2026-02-19T13:19:06.743511" elapsed="0.941178"/>
</kw>
<kw name="Input Text" owner="SeleniumLibrary">
<msg time="2026-02-19T13:19:07.686138" level="INFO">Typing text 'John' into text field 'xpath=//input[@id="forms/formRegistration_forename"]'.</msg>
<arg>${FIRST_NAME_FIELD}</arg>
<arg>${first_name}</arg>
<doc>Types the given ``text`` into the text field identified by ``locator``.</doc>
<status status="PASS" start="2026-02-19T13:19:07.685291" elapsed="2.167415"/>
</kw>
<kw name="Input Text" owner="SeleniumLibrary">
<msg time="2026-02-19T13:19:09.853957" level="INFO">Typing text 'Doew' into text field 'xpath=//input[@id="forms/formRegistration_surname"]'.</msg>
<arg>${SURNAME_FIELD}</arg>
<arg>${last_name}</arg>
<doc>Types the given ``text`` into the text field identified by ``locator``.</doc>
<status status="PASS" start="2026-02-19T13:19:09.853185" elapsed="0.599825"/>
</kw>
<arg>${randon_email}</arg>
<arg>${vorname}</arg>
<arg>${nachname}</arg>
<doc>This keyword fills the registration form with email, first name and surname.</doc>
<status status="PASS" start="2026-02-19T13:19:06.693523" elapsed="3.759798"/>
</kw>
<kw name="Submit Registration Form" owner="LoginModalPage">
<kw name="Wait Until Element Is Visible" owner="SeleniumLibrary">
<arg>${REGISTER_BUTTON}</arg>
<arg>${WAIT_TIME_20SEC}</arg>
<doc>Waits until the element ``locator`` is visible.</doc>
<status status="PASS" start="2026-02-19T13:19:10.458535" elapsed="0.114732"/>
</kw>
<kw name="Capture Page Screenshot" owner="SeleniumLibrary">
<msg time="2026-02-19T13:19:10.853904" level="INFO" html="true">&lt;/td&gt;&lt;/tr&gt;&lt;tr&gt;&lt;td colspan="3"&gt;&lt;a href="before_submit.png"&gt;&lt;img src="before_submit.png" width="800px"&gt;&lt;/a&gt;</msg>
<arg>before_submit.png</arg>
<doc>Takes a screenshot of the current page and embeds it into a log file.</doc>
<status status="PASS" start="2026-02-19T13:19:10.573791" elapsed="0.280424"/>
</kw>
<kw name="Click Element" owner="SeleniumLibrary">
<msg time="2026-02-19T13:19:10.855329" level="INFO">Clicking element 'xpath=//button[.//span[normalize-space()='Jetzt registrieren']]'.</msg>
<arg>${REGISTER_BUTTON}</arg>
<doc>Click the element identified by ``locator``.</doc>
<status status="PASS" start="2026-02-19T13:19:10.854719" elapsed="0.759815"/>
</kw>
<kw name="Capture Page Screenshot" owner="SeleniumLibrary">
<msg time="2026-02-19T13:19:11.954024" level="INFO" html="true">&lt;/td&gt;&lt;/tr&gt;&lt;tr&gt;&lt;td colspan="3"&gt;&lt;a href="after_submit.png"&gt;&lt;img src="after_submit.png" width="800px"&gt;&lt;/a&gt;</msg>
<arg>after_submit.png</arg>
<doc>Takes a screenshot of the current page and embeds it into a log file.</doc>
<status status="PASS" start="2026-02-19T13:19:11.615142" elapsed="0.339077"/>
</kw>
<doc>This keyword clicks on the "Jetzt registrieren" button to submit the registration form.</doc>
<status status="PASS" start="2026-02-19T13:19:10.455229" elapsed="1.499348"/>
</kw>
<kw name="Get Registration Link From Email" owner="Email_helper">
<kw name="Authorize Imap" owner="RPA.Email.ImapSmtp">
<arg>account=${gmail_user}</arg>
<arg>password=${gmail_app_password}</arg>
<arg>imap_server=${IMAP_SERVER}</arg>
<arg>imap_port=${IMAP_PORT}</arg>
<doc>Authorize to IMAP server.</doc>
<status status="PASS" start="2026-02-19T13:19:11.956441" elapsed="0.439349"/>
</kw>
<kw name="Wait For Registration Email" owner="Email_helper">
<kw name="Wait Until Keyword Succeeds" owner="BuiltIn">
<kw name="Get Registration Link Once" owner="Email_helper">
<kw name="List Messages" owner="RPA.Email.ImapSmtp">
<msg time="2026-02-19T13:19:12.444120" level="INFO">IMAP search: 'UNSEEN SUBJECT "tagesspiegel"'</msg>
<msg time="2026-02-19T13:19:12.906251" level="INFO">${messages} = [{'Mail-Id': '121', 'Message': &lt;email.message.Message object at 0x00000230FA737390&gt;, 'Body': '&lt;!DOCTYPE html&gt;\r\n&lt;html lang="de" xmlns="http://www.w3.org/1999/xhtml" xmlns:v="urn:schemas-microsoft-com...</msg>
<var>${messages}</var>
<arg>criterion=UNSEEN SUBJECT "tagesspiegel"</arg>
<doc>Return list of messages matching criterion.</doc>
<status status="PASS" start="2026-02-19T13:19:12.399967" elapsed="0.530609"/>
</kw>
<kw name="Should Not Be Empty" owner="BuiltIn">
<msg time="2026-02-19T13:19:12.956617" level="INFO">Length is 1.</msg>
<arg>${messages}</arg>
<arg>No emails found for recipient: ${recipient_email}</arg>
<doc>Verifies that the given item is not empty.</doc>
<status status="PASS" start="2026-02-19T13:19:12.931877" elapsed="0.024960"/>
</kw>
<kw name="Get From List" owner="Collections">
<msg time="2026-02-19T13:19:12.964897" level="INFO">${latest} = {'Mail-Id': '121', 'Message': &lt;email.message.Message object at 0x00000230FA737390&gt;, 'Body': '&lt;!DOCTYPE html&gt;\r\n&lt;html lang="de" xmlns="http://www.w3.org/1999/xhtml" xmlns:v="urn:schemas-microsoft-com:...</msg>
<var>${latest}</var>
<arg>${messages}</arg>
<arg>-1</arg>
<doc>Returns the value specified with an ``index`` from ``list``.</doc>
<status status="PASS" start="2026-02-19T13:19:12.957417" elapsed="0.007714"/>
</kw>
<kw name="Set Variable" owner="BuiltIn">
<msg time="2026-02-19T13:19:12.973926" level="INFO">${body} = &lt;!DOCTYPE html&gt;
&lt;html lang="de" xmlns="http://www.w3.org/1999/xhtml" xmlns:v="urn:schemas-microsoft-com:vml" xmlns:o="urn:schemas-microsoft-com:office:office"&gt;
&lt;head&gt;
    &lt;meta charset="utf-8"&gt; &lt;!-...</msg>
<var>${body}</var>
<arg>${latest}[Body]</arg>
<doc>Returns the given values which can then be assigned to a variables.</doc>
<status status="PASS" start="2026-02-19T13:19:12.971618" elapsed="0.002491"/>
</kw>
<kw name="Extract Registration Link From Email Body" owner="Email_helper">
<kw name="Get Regexp Matches" owner="String">
<msg time="2026-02-19T13:19:12.981932" level="INFO">${links} = ['http://www.w3.org/1999/xhtml', 'http://stylecampaign.com/blog/2015/02/webfont-support-in-email/', 'https://fonts.googleapis.com/css?family=Roboto:400,700', 'https://handelsblatt-gmbh.atlassian.net/w...</msg>
<var>${links}</var>
<arg>${body}</arg>
<arg>https?://[^\\s"'&lt;&gt;]+</arg>
<doc>Returns a list of all non-overlapping matches in the given string.</doc>
<status status="PASS" start="2026-02-19T13:19:12.980068" elapsed="0.002187"/>
</kw>
<for flavor="IN">
<iter>
<kw name="Run Keyword And Return Status" owner="BuiltIn">
<kw name="Should Match Regexp" owner="BuiltIn">
<msg time="2026-02-19T13:19:12.994433" level="FAIL">'http://www.w3.org/1999/xhtml' does not match '(?i)(registr|confirm|verify|activate|token)'</msg>
<arg>${link}</arg>
<arg>(?i)(registr|confirm|verify|activate|token)</arg>
<doc>Fails if ``string`` does not match ``pattern`` as a regular expression.</doc>
<status status="FAIL" start="2026-02-19T13:19:12.990122" elapsed="0.004816">'http://www.w3.org/1999/xhtml' does not match '(?i)(registr|confirm|verify|activate|token)'</status>
</kw>
<msg time="2026-02-19T13:19:12.995648" level="INFO">${is_registration_link} = False</msg>
<var>${is_registration_link}</var>
<arg>Should Match Regexp</arg>
<arg>${link}</arg>
<arg>(?i)(registr|confirm|verify|activate|token)</arg>
<doc>Runs the specified keyword and returns the status as a Boolean value.</doc>
<status status="PASS" start="2026-02-19T13:19:12.986173" elapsed="0.009588"/>
</kw>
<if>
<branch type="IF" condition="${is_registration_link}">
<kw name="Log" owner="BuiltIn">
<arg>Registration link found: ${link}</arg>
<doc>Logs the given message with the given level.</doc>
<status status="NOT RUN" start="2026-02-19T13:19:12.996727" elapsed="0.002917"/>
</kw>
<return>
<value>${link}</value>
<status status="NOT RUN" start="2026-02-19T13:19:13.001623" elapsed="0.000156"/>
</return>
<status status="NOT RUN" start="2026-02-19T13:19:12.996119" elapsed="0.005842"/>
</branch>
<status status="PASS" start="2026-02-19T13:19:12.996038" elapsed="0.006177"/>
</if>
<var name="${link}">http://www.w3.org/1999/xhtml</var>
<status status="PASS" start="2026-02-19T13:19:12.985348" elapsed="0.017123"/>
</iter>
<iter>
<kw name="Run Keyword And Return Status" owner="BuiltIn">
<kw name="Should Match Regexp" owner="BuiltIn">
<msg time="2026-02-19T13:19:13.017958" level="FAIL">'http://stylecampaign.com/blog/2015/02/webfont-support-in-email/' does not match '(?i)(registr|confirm|verify|activate|token)'</msg>
<arg>${link}</arg>
<arg>(?i)(registr|confirm|verify|activate|token)</arg>
<doc>Fails if ``string`` does not match ``pattern`` as a regular expression.</doc>
<status status="FAIL" start="2026-02-19T13:19:13.007798" elapsed="0.010528">'http://stylecampaign.com/blog/2015/02/webfont-support-in-email/' does not match '(?i)(registr|confirm|verify|activate|token)'</status>
</kw>
<msg time="2026-02-19T13:19:13.018814" level="INFO">${is_registration_link} = False</msg>
<var>${is_registration_link}</var>
<arg>Should Match Regexp</arg>
<arg>${link}</arg>
<arg>(?i)(registr|confirm|verify|activate|token)</arg>
<doc>Runs the specified keyword and returns the status as a Boolean value.</doc>
<status status="PASS" start="2026-02-19T13:19:13.005513" elapsed="0.013419"/>
</kw>
<if>
<branch type="IF" condition="${is_registration_link}">
<kw name="Log" owner="BuiltIn">
<arg>Registration link found: ${link}</arg>
<doc>Logs the given message with the given level.</doc>
<status status="NOT RUN" start="2026-02-19T13:19:13.019765" elapsed="0.000104"/>
</kw>
<return>
<value>${link}</value>
<status status="NOT RUN" start="2026-02-19T13:19:13.020357" elapsed="0.000222"/>
</return>
<status status="NOT RUN" start="2026-02-19T13:19:13.019248" elapsed="0.001646"/>
</branch>
<status status="PASS" start="2026-02-19T13:19:13.019183" elapsed="0.002027"/>
</if>
<var name="${link}">http://stylecampaign.com/blog/2015/02/webfont-support-in-email/</var>
<status status="PASS" start="2026-02-19T13:19:13.003765" elapsed="0.017575"/>
</iter>
<iter>
<kw name="Run Keyword And Return Status" owner="BuiltIn">
<kw name="Should Match Regexp" owner="BuiltIn">
<msg time="2026-02-19T13:19:13.026309" level="FAIL">'https://fonts.googleapis.com/css?family=Roboto:400,700' does not match '(?i)(registr|confirm|verify|activate|token)'</msg>
<arg>${link}</arg>
<arg>(?i)(registr|confirm|verify|activate|token)</arg>
<doc>Fails if ``string`` does not match ``pattern`` as a regular expression.</doc>
<status status="FAIL" start="2026-02-19T13:19:13.024613" elapsed="0.001994">'https://fonts.googleapis.com/css?family=Roboto:400,700' does not match '(?i)(registr|confirm|verify|activate|token)'</status>
</kw>
<msg time="2026-02-19T13:19:13.028292" level="INFO">${is_registration_link} = False</msg>
<var>${is_registration_link}</var>
<arg>Should Match Regexp</arg>
<arg>${link}</arg>
<arg>(?i)(registr|confirm|verify|activate|token)</arg>
<doc>Runs the specified keyword and returns the status as a Boolean value.</doc>
<status status="PASS" start="2026-02-19T13:19:13.022448" elapsed="0.006027"/>
</kw>
<if>
<branch type="IF" condition="${is_registration_link}">
<kw name="Log" owner="BuiltIn">
<arg>Registration link found: ${link}</arg>
<doc>Logs the given message with the given level.</doc>
<status status="NOT RUN" start="2026-02-19T13:19:13.030978" elapsed="0.000135"/>
</kw>
<return>
<value>${link}</value>
<status status="NOT RUN" start="2026-02-19T13:19:13.031418" elapsed="0.000150"/>
</return>
<status status="NOT RUN" start="2026-02-19T13:19:13.030253" elapsed="0.001501"/>
</branch>
<status status="PASS" start="2026-02-19T13:19:13.030050" elapsed="0.001844"/>
</if>
<var name="${link}">https://fonts.googleapis.com/css?family=Roboto:400,700</var>
<status status="PASS" start="2026-02-19T13:19:13.021995" elapsed="0.009999"/>
</iter>
<iter>
<kw name="Run Keyword And Return Status" owner="BuiltIn">
<kw name="Should Match Regexp" owner="BuiltIn">
<msg time="2026-02-19T13:19:13.034940" level="FAIL">'https://handelsblatt-gmbh.atlassian.net/wiki/spaces/CUE/pages/2952069143/Tagesspiegel+Fonts' does not match '(?i)(registr|confirm|verify|activate|token)'</msg>
<arg>${link}</arg>
<arg>(?i)(registr|confirm|verify|activate|token)</arg>
<doc>Fails if ``string`` does not match ``pattern`` as a regular expression.</doc>
<status status="FAIL" start="2026-02-19T13:19:13.033914" elapsed="0.001248">'https://handelsblatt-gmbh.atlassian.net/wiki/spaces/CUE/pages/2952069143/Tagesspiegel+Fonts' does not match '(?i)(registr|confirm|verify|activate|token)'</status>
</kw>
<msg time="2026-02-19T13:19:13.035540" level="INFO">${is_registration_link} = False</msg>
<var>${is_registration_link}</var>
<arg>Should Match Regexp</arg>
<arg>${link}</arg>
<arg>(?i)(registr|confirm|verify|activate|token)</arg>
<doc>Runs the specified keyword and returns the status as a Boolean value.</doc>
<status status="PASS" start="2026-02-19T13:19:13.032887" elapsed="0.002751"/>
</kw>
<if>
<branch type="IF" condition="${is_registration_link}">
<kw name="Log" owner="BuiltIn">
<arg>Registration link found: ${link}</arg>
<doc>Logs the given message with the given level.</doc>
<status status="NOT RUN" start="2026-02-19T13:19:13.036508" elapsed="0.000097"/>
</kw>
<return>
<value>${link}</value>
<status status="NOT RUN" start="2026-02-19T13:19:13.036793" elapsed="0.000096"/>
</return>
<status status="NOT RUN" start="2026-02-19T13:19:13.035988" elapsed="0.001038"/>
</branch>
<status status="PASS" start="2026-02-19T13:19:13.035918" elapsed="0.001391"/>
</if>
<var name="${link}">https://handelsblatt-gmbh.atlassian.net/wiki/spaces/CUE/pages/2952069143/Tagesspiegel+Fonts</var>
<status status="PASS" start="2026-02-19T13:19:13.032506" elapsed="0.004913"/>
</iter>
<iter>
<kw name="Run Keyword And Return Status" owner="BuiltIn">
<kw name="Should Match Regexp" owner="BuiltIn">
<msg time="2026-02-19T13:19:13.042520" level="FAIL">'https://assets.tagesspiegel.de/fonts/franklingothic-book-basic.c62561d04e5eb023ca3e2fde512605c0.woff2' does not match '(?i)(registr|confirm|verify|activate|token)'</msg>
<arg>${link}</arg>
<arg>(?i)(registr|confirm|verify|activate|token)</arg>
<doc>Fails if ``string`` does not match ``pattern`` as a regular expression.</doc>
<status status="FAIL" start="2026-02-19T13:19:13.041337" elapsed="0.001429">'https://assets.tagesspiegel.de/fonts/franklingothic-book-basic.c62561d04e5eb023ca3e2fde512605c0.woff2' does not match '(?i)(registr|confirm|verify|activate|token)'</status>
</kw>
<msg time="2026-02-19T13:19:13.043191" level="INFO">${is_registration_link} = False</msg>
<var>${is_registration_link}</var>
<arg>Should Match Regexp</arg>
<arg>${link}</arg>
<arg>(?i)(registr|confirm|verify|activate|token)</arg>
<doc>Runs the specified keyword and returns the status as a Boolean value.</doc>
<status status="PASS" start="2026-02-19T13:19:13.038700" elapsed="0.004596"/>
</kw>
<if>
<branch type="IF" condition="${is_registration_link}">
<kw name="Log" owner="BuiltIn">
<arg>Registration link found: ${link}</arg>
<doc>Logs the given message with the given level.</doc>
<status status="NOT RUN" start="2026-02-19T13:19:13.044310" elapsed="0.000128"/>
</kw>
<return>
<value>${link}</value>
<status status="NOT RUN" start="2026-02-19T13:19:13.044798" elapsed="0.000105"/>
</return>
<status status="NOT RUN" start="2026-02-19T13:19:13.043628" elapsed="0.001451"/>
</branch>
<status status="PASS" start="2026-02-19T13:19:13.043556" elapsed="0.001670"/>
</if>
<var name="${link}">https://assets.tagesspiegel.de/fonts/franklingothic-book-basic.c62561d04e5eb023ca3e2fde512605c0.woff2</var>
<status status="PASS" start="2026-02-19T13:19:13.038247" elapsed="0.007135"/>
</iter>
<iter>
<kw name="Run Keyword And Return Status" owner="BuiltIn">
<kw name="Should Match Regexp" owner="BuiltIn">
<msg time="2026-02-19T13:19:13.055056" level="FAIL">'https://assets.tagesspiegel.de/fonts/franklingothic-book-extended.b0f1fe099d20b0de899ed94f6292ba63.woff2' does not match '(?i)(registr|confirm|verify|activate|token)'</msg>
<arg>${link}</arg>
<arg>(?i)(registr|confirm|verify|activate|token)</arg>
<doc>Fails if ``string`` does not match ``pattern`` as a regular expression.</doc>
<status status="FAIL" start="2026-02-19T13:19:13.053111" elapsed="0.002206">'https://assets.tagesspiegel.de/fonts/franklingothic-book-extended.b0f1fe099d20b0de899ed94f6292ba63.woff2' does not match '(?i)(registr|confirm|verify|activate|token)'</status>
</kw>
<msg time="2026-02-19T13:19:13.056228" level="INFO">${is_registration_link} = False</msg>
<var>${is_registration_link}</var>
<arg>Should Match Regexp</arg>
<arg>${link}</arg>
<arg>(?i)(registr|confirm|verify|activate|token)</arg>
<doc>Runs the specified keyword and returns the status as a Boolean value.</doc>
<status status="PASS" start="2026-02-19T13:19:13.050403" elapsed="0.005968"/>
</kw>
<if>
<branch type="IF" condition="${is_registration_link}">
<kw name="Log" owner="BuiltIn">
<arg>Registration link found: ${link}</arg>
<doc>Logs the given message with the given level.</doc>
<status status="NOT RUN" start="2026-02-19T13:19:13.058226" elapsed="0.000147"/>
</kw>
<return>
<value>${link}</value>
<status status="NOT RUN" start="2026-02-19T13:19:13.058602" elapsed="0.000472"/>
</return>
<status status="NOT RUN" start="2026-02-19T13:19:13.056958" elapsed="0.003535"/>
</branch>
<status status="PASS" start="2026-02-19T13:19:13.056868" elapsed="0.003842"/>
</if>
<var name="${link}">https://assets.tagesspiegel.de/fonts/franklingothic-book-extended.b0f1fe099d20b0de899ed94f6292ba63.woff2</var>
<status status="PASS" start="2026-02-19T13:19:13.049739" elapsed="0.011086"/>
</iter>
<iter>
<kw name="Run Keyword And Return Status" owner="BuiltIn">
<kw name="Should Match Regexp" owner="BuiltIn">
<msg time="2026-02-19T13:19:13.070791" level="FAIL">'https://assets.tagesspiegel.de/fonts/franklingothic-book-other.6c8ff800d4fec0ff804a756fc400d2b5.woff2' does not match '(?i)(registr|confirm|verify|activate|token)'</msg>
<arg>${link}</arg>
<arg>(?i)(registr|confirm|verify|activate|token)</arg>
<doc>Fails if ``string`` does not match ``pattern`` as a regular expression.</doc>
<status status="FAIL" start="2026-02-19T13:19:13.068775" elapsed="0.002725">'https://assets.tagesspiegel.de/fonts/franklingothic-book-other.6c8ff800d4fec0ff804a756fc400d2b5.woff2' does not match '(?i)(registr|confirm|verify|activate|token)'</status>
</kw>
<msg time="2026-02-19T13:19:13.072419" level="INFO">${is_registration_link} = False</msg>
<var>${is_registration_link}</var>
<arg>Should Match Regexp</arg>
<arg>${link}</arg>
<arg>(?i)(registr|confirm|verify|activate|token)</arg>
<doc>Runs the specified keyword and returns the status as a Boolean value.</doc>
<status status="PASS" start="2026-02-19T13:19:13.064726" elapsed="0.007836"/>
</kw>
<if>
<branch type="IF" condition="${is_registration_link}">
<kw name="Log" owner="BuiltIn">
<arg>Registration link found: ${link}</arg>
<doc>Logs the given message with the given level.</doc>
<status status="NOT RUN" start="2026-02-19T13:19:13.074070" elapsed="0.000111"/>
</kw>
<return>
<value>${link}</value>
<status status="NOT RUN" start="2026-02-19T13:19:13.074396" elapsed="0.000092"/>
</return>
<status status="NOT RUN" start="2026-02-19T13:19:13.073008" elapsed="0.001667"/>
</branch>
<status status="PASS" start="2026-02-19T13:19:13.072911" elapsed="0.001905"/>
</if>
<var name="${link}">https://assets.tagesspiegel.de/fonts/franklingothic-book-other.6c8ff800d4fec0ff804a756fc400d2b5.woff2</var>
<status status="PASS" start="2026-02-19T13:19:13.063544" elapsed="0.011384"/>
</iter>
<iter>
<kw name="Run Keyword And Return Status" owner="BuiltIn">
<kw name="Should Match Regexp" owner="BuiltIn">
<msg time="2026-02-19T13:19:13.078450" level="FAIL">'https://assets.tagesspiegel.de/fonts/franklingothic-med-basic.4262342c15da29dbdffaff795d31ad13.woff2' does not match '(?i)(registr|confirm|verify|activate|token)'</msg>
<arg>${link}</arg>
<arg>(?i)(registr|confirm|verify|activate|token)</arg>
<doc>Fails if ``string`` does not match ``pattern`` as a regular expression.</doc>
<status status="FAIL" start="2026-02-19T13:19:13.077292" elapsed="0.001394">'https://assets.tagesspiegel.de/fonts/franklingothic-med-basic.4262342c15da29dbdffaff795d31ad13.woff2' does not match '(?i)(registr|confirm|verify|activate|token)'</status>
</kw>
<msg time="2026-02-19T13:19:13.079135" level="INFO">${is_registration_link} = False</msg>
<var>${is_registration_link}</var>
<arg>Should Match Regexp</arg>
<arg>${link}</arg>
<arg>(?i)(registr|confirm|verify|activate|token)</arg>
<doc>Runs the specified keyword and returns the status as a Boolean value.</doc>
<status status="PASS" start="2026-02-19T13:19:13.075999" elapsed="0.003234"/>
</kw>
<if>
<branch type="IF" condition="${is_registration_link}">
<kw name="Log" owner="BuiltIn">
<arg>Registration link found: ${link}</arg>
<doc>Logs the given message with the given level.</doc>
<status status="NOT RUN" start="2026-02-19T13:19:13.080182" elapsed="0.000119"/>
</kw>
<return>
<value>${link}</value>
<status status="NOT RUN" start="2026-02-19T13:19:13.080471" elapsed="0.000093"/>
</return>
<status status="NOT RUN" start="2026-02-19T13:19:13.079600" elapsed="0.001148"/>
</branch>
<status status="PASS" start="2026-02-19T13:19:13.079510" elapsed="0.001380"/>
</if>
<var name="${link}">https://assets.tagesspiegel.de/fonts/franklingothic-med-basic.4262342c15da29dbdffaff795d31ad13.woff2</var>
<status status="PASS" start="2026-02-19T13:19:13.075541" elapsed="0.005436"/>
</iter>
<iter>
<kw name="Run Keyword And Return Status" owner="BuiltIn">
<kw name="Should Match Regexp" owner="BuiltIn">
<msg time="2026-02-19T13:19:13.083853" level="FAIL">'https://assets.tagesspiegel.de/fonts/franklingothic-med-extended.e84bf4c79c0055f692e535db121cff4a.woff2' does not match '(?i)(registr|confirm|verify|activate|token)'</msg>
<arg>${link}</arg>
<arg>(?i)(registr|confirm|verify|activate|token)</arg>
<doc>Fails if ``string`` does not match ``pattern`` as a regular expression.</doc>
<status status="FAIL" start="2026-02-19T13:19:13.082866" elapsed="0.001192">'https://assets.tagesspiegel.de/fonts/franklingothic-med-extended.e84bf4c79c0055f692e535db121cff4a.woff2' does not match '(?i)(registr|confirm|verify|activate|token)'</status>
</kw>
<msg time="2026-02-19T13:19:13.084471" level="INFO">${is_registration_link} = False</msg>
<var>${is_registration_link}</var>
<arg>Should Match Regexp</arg>
<arg>${link}</arg>
<arg>(?i)(registr|confirm|verify|activate|token)</arg>
<doc>Runs the specified keyword and returns the status as a Boolean value.</doc>
<status status="PASS" start="2026-02-19T13:19:13.081874" elapsed="0.002686"/>
</kw>
<if>
<branch type="IF" condition="${is_registration_link}">
<kw name="Log" owner="BuiltIn">
<arg>Registration link found: ${link}</arg>
<doc>Logs the given message with the given level.</doc>
<status status="NOT RUN" start="2026-02-19T13:19:13.085467" elapsed="0.000133"/>
</kw>
<return>
<value>${link}</value>
<status status="NOT RUN" start="2026-02-19T13:19:13.085815" elapsed="0.000100"/>
</return>
<status status="NOT RUN" start="2026-02-19T13:19:13.084881" elapsed="0.001210"/>
</branch>
<status status="PASS" start="2026-02-19T13:19:13.084815" elapsed="0.001617"/>
</if>
<var name="${link}">https://assets.tagesspiegel.de/fonts/franklingothic-med-extended.e84bf4c79c0055f692e535db121cff4a.woff2</var>
<status status="PASS" start="2026-02-19T13:19:13.081490" elapsed="0.005090"/>
</iter>
<iter>
<kw name="Run Keyword And Return Status" owner="BuiltIn">
<kw name="Should Match Regexp" owner="BuiltIn">
<msg time="2026-02-19T13:19:13.090839" level="FAIL">'https://assets.tagesspiegel.de/fonts/franklingothic-med-other.cf0c8764bdcabb0619e46b20c18d5147.woff2' does not match '(?i)(registr|confirm|verify|activate|token)'</msg>
<arg>${link}</arg>
<arg>(?i)(registr|confirm|verify|activate|token)</arg>
<doc>Fails if ``string`` does not match ``pattern`` as a regular expression.</doc>
<status status="FAIL" start="2026-02-19T13:19:13.089115" elapsed="0.001992">'https://assets.tagesspiegel.de/fonts/franklingothic-med-other.cf0c8764bdcabb0619e46b20c18d5147.woff2' does not match '(?i)(registr|confirm|verify|activate|token)'</status>
</kw>
<msg time="2026-02-19T13:19:13.091921" level="INFO">${is_registration_link} = False</msg>
<var>${is_registration_link}</var>
<arg>Should Match Regexp</arg>
<arg>${link}</arg>
<arg>(?i)(registr|confirm|verify|activate|token)</arg>
<doc>Runs the specified keyword and returns the status as a Boolean value.</doc>
<status status="PASS" start="2026-02-19T13:19:13.087561" elapsed="0.004507"/>
</kw>
<if>
<branch type="IF" condition="${is_registration_link}">
<kw name="Log" owner="BuiltIn">
<arg>Registration link found: ${link}</arg>
<doc>Logs the given message with the given level.</doc>
<status status="NOT RUN" start="2026-02-19T13:19:13.093337" elapsed="0.000142"/>
</kw>
<return>
<value>${link}</value>
<status status="NOT RUN" start="2026-02-19T13:19:13.093795" elapsed="0.000114"/>
</return>
<status status="NOT RUN" start="2026-02-19T13:19:13.092616" elapsed="0.001488"/>
</branch>
<status status="PASS" start="2026-02-19T13:19:13.092515" elapsed="0.001780"/>
</if>
<var name="${link}">https://assets.tagesspiegel.de/fonts/franklingothic-med-other.cf0c8764bdcabb0619e46b20c18d5147.woff2</var>
<status status="PASS" start="2026-02-19T13:19:13.087155" elapsed="0.007277"/>
</iter>
<iter>
<kw name="Run Keyword And Return Status" owner="BuiltIn">
<kw name="Should Match Regexp" owner="BuiltIn">
<msg time="2026-02-19T13:19:13.098313" level="FAIL">'https://assets.tagesspiegel.de/fonts/franklingothic-bookit-basic.704694515c674340e94c2ed839b556d0.woff2' does not match '(?i)(registr|confirm|verify|activate|token)'</msg>
<arg>${link}</arg>
<arg>(?i)(registr|confirm|verify|activate|token)</arg>
<doc>Fails if ``string`` does not match ``pattern`` as a regular expression.</doc>
<status status="FAIL" start="2026-02-19T13:19:13.096884" elapsed="0.001726">'https://assets.tagesspiegel.de/fonts/franklingothic-bookit-basic.704694515c674340e94c2ed839b556d0.woff2' does not match '(?i)(registr|confirm|verify|activate|token)'</status>
</kw>
<msg time="2026-02-19T13:19:13.099130" level="INFO">${is_registration_link} = False</msg>
<var>${is_registration_link}</var>
<arg>Should Match Regexp</arg>
<arg>${link}</arg>
<arg>(?i)(registr|confirm|verify|activate|token)</arg>
<doc>Runs the specified keyword and returns the status as a Boolean value.</doc>
<status status="PASS" start="2026-02-19T13:19:13.095556" elapsed="0.003693"/>
</kw>
<if>
<branch type="IF" condition="${is_registration_link}">
<kw name="Log" owner="BuiltIn">
<arg>Registration link found: ${link}</arg>
<doc>Logs the given message with the given level.</doc>
<status status="NOT RUN" start="2026-02-19T13:19:13.100182" elapsed="0.000385"/>
</kw>
<return>
<value>${link}</value>
<status status="NOT RUN" start="2026-02-19T13:19:13.101128" elapsed="0.000120"/>
</return>
<status status="NOT RUN" start="2026-02-19T13:19:13.099618" elapsed="0.001811"/>
</branch>
<status status="PASS" start="2026-02-19T13:19:13.099519" elapsed="0.002094"/>
</if>
<var name="${link}">https://assets.tagesspiegel.de/fonts/franklingothic-bookit-basic.704694515c674340e94c2ed839b556d0.woff2</var>
<status status="PASS" start="2026-02-19T13:19:13.095050" elapsed="0.006687"/>
</iter>
<iter>
<kw name="Run Keyword And Return Status" owner="BuiltIn">
<kw name="Should Match Regexp" owner="BuiltIn">
<msg time="2026-02-19T13:19:13.107968" level="FAIL">'https://assets.tagesspiegel.de/fonts/franklingothic-bookit-extended.8d37e7ba346ee9bdd46ceb66649eeb6f.woff2' does not match '(?i)(registr|confirm|verify|activate|token)'</msg>
<arg>${link}</arg>
<arg>(?i)(registr|confirm|verify|activate|token)</arg>
<doc>Fails if ``string`` does not match ``pattern`` as a regular expression.</doc>
<status status="FAIL" start="2026-02-19T13:19:13.105016" elapsed="0.003232">'https://assets.tagesspiegel.de/fonts/franklingothic-bookit-extended.8d37e7ba346ee9bdd46ceb66649eeb6f.woff2' does not match '(?i)(registr|confirm|verify|activate|token)'</status>
</kw>
<msg time="2026-02-19T13:19:13.110568" level="INFO">${is_registration_link} = False</msg>
<var>${is_registration_link}</var>
<arg>Should Match Regexp</arg>
<arg>${link}</arg>
<arg>(?i)(registr|confirm|verify|activate|token)</arg>
<doc>Runs the specified keyword and returns the status as a Boolean value.</doc>
<status status="PASS" start="2026-02-19T13:19:13.102850" elapsed="0.008154"/>
</kw>
<if>
<branch type="IF" condition="${is_registration_link}">
<kw name="Log" owner="BuiltIn">
<arg>Registration link found: ${link}</arg>
<doc>Logs the given message with the given level.</doc>
<status status="NOT RUN" start="2026-02-19T13:19:13.112505" elapsed="0.000206"/>
</kw>
<return>
<value>${link}</value>
<status status="NOT RUN" start="2026-02-19T13:19:13.112955" elapsed="0.000117"/>
</return>
<status status="NOT RUN" start="2026-02-19T13:19:13.111747" elapsed="0.001469"/>
</branch>
<status status="PASS" start="2026-02-19T13:19:13.111653" elapsed="0.001687"/>
</if>
<var name="${link}">https://assets.tagesspiegel.de/fonts/franklingothic-bookit-extended.8d37e7ba346ee9bdd46ceb66649eeb6f.woff2</var>
<status status="PASS" start="2026-02-19T13:19:13.102371" elapsed="0.011061"/>
</iter>
<iter>
<kw name="Run Keyword And Return Status" owner="BuiltIn">
<kw name="Should Match Regexp" owner="BuiltIn">
<msg time="2026-02-19T13:19:13.118916" level="FAIL">'https://assets.tagesspiegel.de/fonts/franklingothic-bookit-other.63348d74b73cbe3e9f4b9b81f2f21f2e.woff2' does not match '(?i)(registr|confirm|verify|activate|token)'</msg>
<arg>${link}</arg>
<arg>(?i)(registr|confirm|verify|activate|token)</arg>
<doc>Fails if ``string`` does not match ``pattern`` as a regular expression.</doc>
<status status="FAIL" start="2026-02-19T13:19:13.115429" elapsed="0.003775">'https://assets.tagesspiegel.de/fonts/franklingothic-bookit-other.63348d74b73cbe3e9f4b9b81f2f21f2e.woff2' does not match '(?i)(registr|confirm|verify|activate|token)'</status>
</kw>
<msg time="2026-02-19T13:19:13.119809" level="INFO">${is_registration_link} = False</msg>
<var>${is_registration_link}</var>
<arg>Should Match Regexp</arg>
<arg>${link}</arg>
<arg>(?i)(registr|confirm|verify|activate|token)</arg>
<doc>Runs the specified keyword and returns the status as a Boolean value.</doc>
<status status="PASS" start="2026-02-19T13:19:13.114354" elapsed="0.005592"/>
</kw>
<if>
<branch type="IF" condition="${is_registration_link}">
<kw name="Log" owner="BuiltIn">
<arg>Registration link found: ${link}</arg>
<doc>Logs the given message with the given level.</doc>
<status status="NOT RUN" start="2026-02-19T13:19:13.121111" elapsed="0.000150"/>
</kw>
<return>
<value>${link}</value>
<status status="NOT RUN" start="2026-02-19T13:19:13.121542" elapsed="0.000193"/>
</return>
<status status="NOT RUN" start="2026-02-19T13:19:13.120379" elapsed="0.001555"/>
</branch>
<status status="PASS" start="2026-02-19T13:19:13.120255" elapsed="0.001828"/>
</if>
<var name="${link}">https://assets.tagesspiegel.de/fonts/franklingothic-bookit-other.63348d74b73cbe3e9f4b9b81f2f21f2e.woff2</var>
<status status="PASS" start="2026-02-19T13:19:13.113959" elapsed="0.008224"/>
</iter>
<iter>
<kw name="Run Keyword And Return Status" owner="BuiltIn">
<kw name="Should Match Regexp" owner="BuiltIn">
<msg time="2026-02-19T13:19:13.126909" level="FAIL">'https://assets.tagesspiegel.de/fonts/franklingothic-medit-basic.8d434a4bf415ab849c4fb2d487c78d9e.woff2' does not match '(?i)(registr|confirm|verify|activate|token)'</msg>
<arg>${link}</arg>
<arg>(?i)(registr|confirm|verify|activate|token)</arg>
<doc>Fails if ``string`` does not match ``pattern`` as a regular expression.</doc>
<status status="FAIL" start="2026-02-19T13:19:13.125626" elapsed="0.001580">'https://assets.tagesspiegel.de/fonts/franklingothic-medit-basic.8d434a4bf415ab849c4fb2d487c78d9e.woff2' does not match '(?i)(registr|confirm|verify|activate|token)'</status>
</kw>
<msg time="2026-02-19T13:19:13.127611" level="INFO">${is_registration_link} = False</msg>
<var>${is_registration_link}</var>
<arg>Should Match Regexp</arg>
<arg>${link}</arg>
<arg>(?i)(registr|confirm|verify|activate|token)</arg>
<doc>Runs the specified keyword and returns the status as a Boolean value.</doc>
<status status="PASS" start="2026-02-19T13:19:13.124251" elapsed="0.003491"/>
</kw>
<if>
<branch type="IF" condition="${is_registration_link}">
<kw name="Log" owner="BuiltIn">
<arg>Registration link found: ${link}</arg>
<doc>Logs the given message with the given level.</doc>
<status status="NOT RUN" start="2026-02-19T13:19:13.128749" elapsed="0.000170"/>
</kw>
<return>
<value>${link}</value>
<status status="NOT RUN" start="2026-02-19T13:19:13.129264" elapsed="0.000142"/>
</return>
<status status="NOT RUN" start="2026-02-19T13:19:13.128152" elapsed="0.004174"/>
</branch>
<status status="PASS" start="2026-02-19T13:19:13.128075" elapsed="0.004599"/>
</if>
<var name="${link}">https://assets.tagesspiegel.de/fonts/franklingothic-medit-basic.8d434a4bf415ab849c4fb2d487c78d9e.woff2</var>
<status status="PASS" start="2026-02-19T13:19:13.123744" elapsed="0.009137"/>
</iter>
<iter>
<kw name="Run Keyword And Return Status" owner="BuiltIn">
<kw name="Should Match Regexp" owner="BuiltIn">
<msg time="2026-02-19T13:19:13.138429" level="FAIL">'https://assets.tagesspiegel.de/fonts/franklingothic-medit-extended.aa7f600d761ddf13a12fd16126578493.woff2' does not match '(?i)(registr|confirm|verify|activate|token)'</msg>
<arg>${link}</arg>
<arg>(?i)(registr|confirm|verify|activate|token)</arg>
<doc>Fails if ``string`` does not match ``pattern`` as a regular expression.</doc>
<status status="FAIL" start="2026-02-19T13:19:13.137109" elapsed="0.001567">'https://assets.tagesspiegel.de/fonts/franklingothic-medit-extended.aa7f600d761ddf13a12fd16126578493.woff2' does not match '(?i)(registr|confirm|verify|activate|token)'</status>
</kw>
<msg time="2026-02-19T13:19:13.139313" level="INFO">${is_registration_link} = False</msg>
<var>${is_registration_link}</var>
<arg>Should Match Regexp</arg>
<arg>${link}</arg>
<arg>(?i)(registr|confirm|verify|activate|token)</arg>
<doc>Runs the specified keyword and returns the status as a Boolean value.</doc>
<status status="PASS" start="2026-02-19T13:19:13.135739" elapsed="0.003702"/>
</kw>
<if>
<branch type="IF" condition="${is_registration_link}">
<kw name="Log" owner="BuiltIn">
<arg>Registration link found: ${link}</arg>
<doc>Logs the given message with the given level.</doc>
<status status="NOT RUN" start="2026-02-19T13:19:13.140369" elapsed="0.000104"/>
</kw>
<return>
<value>${link}</value>
<status status="NOT RUN" start="2026-02-19T13:19:13.140733" elapsed="0.000144"/>
</return>
<status status="NOT RUN" start="2026-02-19T13:19:13.139798" elapsed="0.001268"/>
</branch>
<status status="PASS" start="2026-02-19T13:19:13.139725" elapsed="0.001500"/>
</if>
<var name="${link}">https://assets.tagesspiegel.de/fonts/franklingothic-medit-extended.aa7f600d761ddf13a12fd16126578493.woff2</var>
<status status="PASS" start="2026-02-19T13:19:13.134047" elapsed="0.007289"/>
</iter>
<iter>
<kw name="Run Keyword And Return Status" owner="BuiltIn">
<kw name="Should Match Regexp" owner="BuiltIn">
<msg time="2026-02-19T13:19:13.144536" level="FAIL">'https://assets.tagesspiegel.de/fonts/franklingothic-medit-other.ecc26a3f1e51610680769e0acd49cddb.woff2' does not match '(?i)(registr|confirm|verify|activate|token)'</msg>
<arg>${link}</arg>
<arg>(?i)(registr|confirm|verify|activate|token)</arg>
<doc>Fails if ``string`` does not match ``pattern`` as a regular expression.</doc>
<status status="FAIL" start="2026-02-19T13:19:13.143725" elapsed="0.000992">'https://assets.tagesspiegel.de/fonts/franklingothic-medit-other.ecc26a3f1e51610680769e0acd49cddb.woff2' does not match '(?i)(registr|confirm|verify|activate|token)'</status>
</kw>
<msg time="2026-02-19T13:19:13.145097" level="INFO">${is_registration_link} = False</msg>
<var>${is_registration_link}</var>
<arg>Should Match Regexp</arg>
<arg>${link}</arg>
<arg>(?i)(registr|confirm|verify|activate|token)</arg>
<doc>Runs the specified keyword and returns the status as a Boolean value.</doc>
<status status="PASS" start="2026-02-19T13:19:13.142555" elapsed="0.002613"/>
</kw>
<if>
<branch type="IF" condition="${is_registration_link}">
<kw name="Log" owner="BuiltIn">
<arg>Registration link found: ${link}</arg>
<doc>Logs the given message with the given level.</doc>
<status status="NOT RUN" start="2026-02-19T13:19:13.145898" elapsed="0.000110"/>
</kw>
<return>
<value>${link}</value>
<status status="NOT RUN" start="2026-02-19T13:19:13.146186" elapsed="0.000084"/>
</return>
<status status="NOT RUN" start="2026-02-19T13:19:13.145412" elapsed="0.000993"/>
</branch>
<status status="PASS" start="2026-02-19T13:19:13.145337" elapsed="0.001189"/>
</if>
<var name="${link}">https://assets.tagesspiegel.de/fonts/franklingothic-medit-other.ecc26a3f1e51610680769e0acd49cddb.woff2</var>
<status status="PASS" start="2026-02-19T13:19:13.142097" elapsed="0.004515"/>
</iter>
<iter>
<kw name="Run Keyword And Return Status" owner="BuiltIn">
<kw name="Should Match Regexp" owner="BuiltIn">
<msg time="2026-02-19T13:19:13.149275" level="FAIL">'https://assets.tagesspiegel.de/fonts/Abril_Text_Regular-basic.c371b6fb87298eb4990a97124a47e7e4.woff2' does not match '(?i)(registr|confirm|verify|activate|token)'</msg>
<arg>${link}</arg>
<arg>(?i)(registr|confirm|verify|activate|token)</arg>
<doc>Fails if ``string`` does not match ``pattern`` as a regular expression.</doc>
<status status="FAIL" start="2026-02-19T13:19:13.148406" elapsed="0.001057">'https://assets.tagesspiegel.de/fonts/Abril_Text_Regular-basic.c371b6fb87298eb4990a97124a47e7e4.woff2' does not match '(?i)(registr|confirm|verify|activate|token)'</status>
</kw>
<msg time="2026-02-19T13:19:13.149817" level="INFO">${is_registration_link} = False</msg>
<var>${is_registration_link}</var>
<arg>Should Match Regexp</arg>
<arg>${link}</arg>
<arg>(?i)(registr|confirm|verify|activate|token)</arg>
<doc>Runs the specified keyword and returns the status as a Boolean value.</doc>
<status status="PASS" start="2026-02-19T13:19:13.147457" elapsed="0.002427"/>
</kw>
<if>
<branch type="IF" condition="${is_registration_link}">
<kw name="Log" owner="BuiltIn">
<arg>Registration link found: ${link}</arg>
<doc>Logs the given message with the given level.</doc>
<status status="NOT RUN" start="2026-02-19T13:19:13.151063" elapsed="0.000324"/>
</kw>
<return>
<value>${link}</value>
<status status="NOT RUN" start="2026-02-19T13:19:13.151829" elapsed="0.000148"/>
</return>
<status status="NOT RUN" start="2026-02-19T13:19:13.150105" elapsed="0.002278"/>
</branch>
<status status="PASS" start="2026-02-19T13:19:13.150053" elapsed="0.002575"/>
</if>
<var name="${link}">https://assets.tagesspiegel.de/fonts/Abril_Text_Regular-basic.c371b6fb87298eb4990a97124a47e7e4.woff2</var>
<status status="PASS" start="2026-02-19T13:19:13.147087" elapsed="0.006005"/>
</iter>
<iter>
<kw name="Run Keyword And Return Status" owner="BuiltIn">
<kw name="Should Match Regexp" owner="BuiltIn">
<msg time="2026-02-19T13:19:13.158065" level="FAIL">'https://assets.tagesspiegel.de/fonts/Abril_Text_Regular-extended.413ee6f014cfa7c05f2979ccb6498cee.woff2' does not match '(?i)(registr|confirm|verify|activate|token)'</msg>
<arg>${link}</arg>
<arg>(?i)(registr|confirm|verify|activate|token)</arg>
<doc>Fails if ``string`` does not match ``pattern`` as a regular expression.</doc>
<status status="FAIL" start="2026-02-19T13:19:13.156088" elapsed="0.002561">'https://assets.tagesspiegel.de/fonts/Abril_Text_Regular-extended.413ee6f014cfa7c05f2979ccb6498cee.woff2' does not match '(?i)(registr|confirm|verify|activate|token)'</status>
</kw>
<msg time="2026-02-19T13:19:13.159150" level="INFO">${is_registration_link} = False</msg>
<var>${is_registration_link}</var>
<arg>Should Match Regexp</arg>
<arg>${link}</arg>
<arg>(?i)(registr|confirm|verify|activate|token)</arg>
<doc>Runs the specified keyword and returns the status as a Boolean value.</doc>
<status status="PASS" start="2026-02-19T13:19:13.154457" elapsed="0.004806"/>
</kw>
<if>
<branch type="IF" condition="${is_registration_link}">
<kw name="Log" owner="BuiltIn">
<arg>Registration link found: ${link}</arg>
<doc>Logs the given message with the given level.</doc>
<status status="NOT RUN" start="2026-02-19T13:19:13.160130" elapsed="0.000134"/>
</kw>
<return>
<value>${link}</value>
<status status="NOT RUN" start="2026-02-19T13:19:13.160462" elapsed="0.000084"/>
</return>
<status status="NOT RUN" start="2026-02-19T13:19:13.159683" elapsed="0.000950"/>
</branch>
<status status="PASS" start="2026-02-19T13:19:13.159597" elapsed="0.001118"/>
</if>
<var name="${link}">https://assets.tagesspiegel.de/fonts/Abril_Text_Regular-extended.413ee6f014cfa7c05f2979ccb6498cee.woff2</var>
<status status="PASS" start="2026-02-19T13:19:13.153905" elapsed="0.006867"/>
</iter>
<iter>
<kw name="Run Keyword And Return Status" owner="BuiltIn">
<kw name="Should Match Regexp" owner="BuiltIn">
<msg time="2026-02-19T13:19:13.163011" level="FAIL">'https://assets.tagesspiegel.de/fonts/Abril_Text_Regular-other.61f64d4bd1292c6d4197f0e2b25dbd5c.woff2' does not match '(?i)(registr|confirm|verify|activate|token)'</msg>
<arg>${link}</arg>
<arg>(?i)(registr|confirm|verify|activate|token)</arg>
<doc>Fails if ``string`` does not match ``pattern`` as a regular expression.</doc>
<status status="FAIL" start="2026-02-19T13:19:13.162202" elapsed="0.001029">'https://assets.tagesspiegel.de/fonts/Abril_Text_Regular-other.61f64d4bd1292c6d4197f0e2b25dbd5c.woff2' does not match '(?i)(registr|confirm|verify|activate|token)'</status>
</kw>
<msg time="2026-02-19T13:19:13.163575" level="INFO">${is_registration_link} = False</msg>
<var>${is_registration_link}</var>
<arg>Should Match Regexp</arg>
<arg>${link}</arg>
<arg>(?i)(registr|confirm|verify|activate|token)</arg>
<doc>Runs the specified keyword and returns the status as a Boolean value.</doc>
<status status="PASS" start="2026-02-19T13:19:13.161444" elapsed="0.002192"/>
</kw>
<if>
<branch type="IF" condition="${is_registration_link}">
<kw name="Log" owner="BuiltIn">
<arg>Registration link found: ${link}</arg>
<doc>Logs the given message with the given level.</doc>
<status status="NOT RUN" start="2026-02-19T13:19:13.164256" elapsed="0.000063"/>
</kw>
<return>
<value>${link}</value>
<status status="NOT RUN" start="2026-02-19T13:19:13.164476" elapsed="0.000073"/>
</return>
<status status="NOT RUN" start="2026-02-19T13:19:13.163917" elapsed="0.000715"/>
</branch>
<status status="PASS" start="2026-02-19T13:19:13.163854" elapsed="0.000879"/>
</if>
<var name="${link}">https://assets.tagesspiegel.de/fonts/Abril_Text_Regular-other.61f64d4bd1292c6d4197f0e2b25dbd5c.woff2</var>
<status status="PASS" start="2026-02-19T13:19:13.161190" elapsed="0.003639"/>
</iter>
<iter>
<kw name="Run Keyword And Return Status" owner="BuiltIn">
<kw name="Should Match Regexp" owner="BuiltIn">
<msg time="2026-02-19T13:19:13.169436" level="FAIL">'https://assets.tagesspiegel.de/fonts/Abril_Text_Italic-basic.6c5932e5019579d6c76d1822e5aacc4d.woff2' does not match '(?i)(registr|confirm|verify|activate|token)'</msg>
<arg>${link}</arg>
<arg>(?i)(registr|confirm|verify|activate|token)</arg>
<doc>Fails if ``string`` does not match ``pattern`` as a regular expression.</doc>
<status status="FAIL" start="2026-02-19T13:19:13.166822" elapsed="0.002879">'https://assets.tagesspiegel.de/fonts/Abril_Text_Italic-basic.6c5932e5019579d6c76d1822e5aacc4d.woff2' does not match '(?i)(registr|confirm|verify|activate|token)'</status>
</kw>
<msg time="2026-02-19T13:19:13.170095" level="INFO">${is_registration_link} = False</msg>
<var>${is_registration_link}</var>
<arg>Should Match Regexp</arg>
<arg>${link}</arg>
<arg>(?i)(registr|confirm|verify|activate|token)</arg>
<doc>Runs the specified keyword and returns the status as a Boolean value.</doc>
<status status="PASS" start="2026-02-19T13:19:13.165638" elapsed="0.004564"/>
</kw>
<if>
<branch type="IF" condition="${is_registration_link}">
<kw name="Log" owner="BuiltIn">
<arg>Registration link found: ${link}</arg>
<doc>Logs the given message with the given level.</doc>
<status status="NOT RUN" start="2026-02-19T13:19:13.171508" elapsed="0.000265"/>
</kw>
<return>
<value>${link}</value>
<status status="NOT RUN" start="2026-02-19T13:19:13.172149" elapsed="0.000211"/>
</return>
<status status="NOT RUN" start="2026-02-19T13:19:13.170535" elapsed="0.002094"/>
</branch>
<status status="PASS" start="2026-02-19T13:19:13.170468" elapsed="0.002393"/>
</if>
<var name="${link}">https://assets.tagesspiegel.de/fonts/Abril_Text_Italic-basic.6c5932e5019579d6c76d1822e5aacc4d.woff2</var>
<status status="PASS" start="2026-02-19T13:19:13.165336" elapsed="0.007697"/>
</iter>
<iter>
<kw name="Run Keyword And Return Status" owner="BuiltIn">
<kw name="Should Match Regexp" owner="BuiltIn">
<msg time="2026-02-19T13:19:13.186462" level="FAIL">'https://assets.tagesspiegel.de/fonts/Abril_Text_Italic-extended.78a8e02738052517cef32ad41e080698.woff2' does not match '(?i)(registr|confirm|verify|activate|token)'</msg>
<arg>${link}</arg>
<arg>(?i)(registr|confirm|verify|activate|token)</arg>
<doc>Fails if ``string`` does not match ``pattern`` as a regular expression.</doc>
<status status="FAIL" start="2026-02-19T13:19:13.184965" elapsed="0.001786">'https://assets.tagesspiegel.de/fonts/Abril_Text_Italic-extended.78a8e02738052517cef32ad41e080698.woff2' does not match '(?i)(registr|confirm|verify|activate|token)'</status>
</kw>
<msg time="2026-02-19T13:19:13.187231" level="INFO">${is_registration_link} = False</msg>
<var>${is_registration_link}</var>
<arg>Should Match Regexp</arg>
<arg>${link}</arg>
<arg>(?i)(registr|confirm|verify|activate|token)</arg>
<doc>Runs the specified keyword and returns the status as a Boolean value.</doc>
<status status="PASS" start="2026-02-19T13:19:13.174451" elapsed="0.012896"/>
</kw>
<if>
<branch type="IF" condition="${is_registration_link}">
<kw name="Log" owner="BuiltIn">
<arg>Registration link found: ${link}</arg>
<doc>Logs the given message with the given level.</doc>
<status status="NOT RUN" start="2026-02-19T13:19:13.188369" elapsed="0.000121"/>
</kw>
<return>
<value>${link}</value>
<status status="NOT RUN" start="2026-02-19T13:19:13.188710" elapsed="0.000101"/>
</return>
<status status="NOT RUN" start="2026-02-19T13:19:13.187724" elapsed="0.001256"/>
</branch>
<status status="PASS" start="2026-02-19T13:19:13.187647" elapsed="0.001487"/>
</if>
<var name="${link}">https://assets.tagesspiegel.de/fonts/Abril_Text_Italic-extended.78a8e02738052517cef32ad41e080698.woff2</var>
<status status="PASS" start="2026-02-19T13:19:13.173927" elapsed="0.015315"/>
</iter>
<iter>
<kw name="Run Keyword And Return Status" owner="BuiltIn">
<kw name="Should Match Regexp" owner="BuiltIn">
<msg time="2026-02-19T13:19:13.193011" level="FAIL">'https://assets.tagesspiegel.de/fonts/Abril_Text_Italic-other.6550b277e9b9798aaca8c9bd4a29370d.woff2' does not match '(?i)(registr|confirm|verify|activate|token)'</msg>
<arg>${link}</arg>
<arg>(?i)(registr|confirm|verify|activate|token)</arg>
<doc>Fails if ``string`` does not match ``pattern`` as a regular expression.</doc>
<status status="FAIL" start="2026-02-19T13:19:13.191451" elapsed="0.001767">'https://assets.tagesspiegel.de/fonts/Abril_Text_Italic-other.6550b277e9b9798aaca8c9bd4a29370d.woff2' does not match '(?i)(registr|confirm|verify|activate|token)'</status>
</kw>
<msg time="2026-02-19T13:19:13.193829" level="INFO">${is_registration_link} = False</msg>
<var>${is_registration_link}</var>
<arg>Should Match Regexp</arg>
<arg>${link}</arg>
<arg>(?i)(registr|confirm|verify|activate|token)</arg>
<doc>Runs the specified keyword and returns the status as a Boolean value.</doc>
<status status="PASS" start="2026-02-19T13:19:13.190299" elapsed="0.003609"/>
</kw>
<if>
<branch type="IF" condition="${is_registration_link}">
<kw name="Log" owner="BuiltIn">
<arg>Registration link found: ${link}</arg>
<doc>Logs the given message with the given level.</doc>
<status status="NOT RUN" start="2026-02-19T13:19:13.194575" elapsed="0.000071"/>
</kw>
<return>
<value>${link}</value>
<status status="NOT RUN" start="2026-02-19T13:19:13.194772" elapsed="0.000055"/>
</return>
<status status="NOT RUN" start="2026-02-19T13:19:13.194147" elapsed="0.000771"/>
</branch>
<status status="PASS" start="2026-02-19T13:19:13.194094" elapsed="0.000932"/>
</if>
<var name="${link}">https://assets.tagesspiegel.de/fonts/Abril_Text_Italic-other.6550b277e9b9798aaca8c9bd4a29370d.woff2</var>
<status status="PASS" start="2026-02-19T13:19:13.189804" elapsed="0.005305"/>
</iter>
<iter>
<kw name="Run Keyword And Return Status" owner="BuiltIn">
<kw name="Should Match Regexp" owner="BuiltIn">
<msg time="2026-02-19T13:19:13.197797" level="FAIL">'https://assets.tagesspiegel.de/fonts/Abril_Text_Bold-basic.ed72f8ea0597f63d7cc1a47ae7bb3acd.woff2' does not match '(?i)(registr|confirm|verify|activate|token)'</msg>
<arg>${link}</arg>
<arg>(?i)(registr|confirm|verify|activate|token)</arg>
<doc>Fails if ``string`` does not match ``pattern`` as a regular expression.</doc>
<status status="FAIL" start="2026-02-19T13:19:13.196722" elapsed="0.001826">'https://assets.tagesspiegel.de/fonts/Abril_Text_Bold-basic.ed72f8ea0597f63d7cc1a47ae7bb3acd.woff2' does not match '(?i)(registr|confirm|verify|activate|token)'</status>
</kw>
<msg time="2026-02-19T13:19:13.199089" level="INFO">${is_registration_link} = False</msg>
<var>${is_registration_link}</var>
<arg>Should Match Regexp</arg>
<arg>${link}</arg>
<arg>(?i)(registr|confirm|verify|activate|token)</arg>
<doc>Runs the specified keyword and returns the status as a Boolean value.</doc>
<status status="PASS" start="2026-02-19T13:19:13.195842" elapsed="0.003370"/>
</kw>
<if>
<branch type="IF" condition="${is_registration_link}">
<kw name="Log" owner="BuiltIn">
<arg>Registration link found: ${link}</arg>
<doc>Logs the given message with the given level.</doc>
<status status="NOT RUN" start="2026-02-19T13:19:13.201927" elapsed="0.000138"/>
</kw>
<return>
<value>${link}</value>
<status status="NOT RUN" start="2026-02-19T13:19:13.202359" elapsed="0.000112"/>
</return>
<status status="NOT RUN" start="2026-02-19T13:19:13.201138" elapsed="0.001521"/>
</branch>
<status status="PASS" start="2026-02-19T13:19:13.200062" elapsed="0.002784"/>
</if>
<var name="${link}">https://assets.tagesspiegel.de/fonts/Abril_Text_Bold-basic.ed72f8ea0597f63d7cc1a47ae7bb3acd.woff2</var>
<status status="PASS" start="2026-02-19T13:19:13.195529" elapsed="0.007629"/>
</iter>
<iter>
<kw name="Run Keyword And Return Status" owner="BuiltIn">
<kw name="Should Match Regexp" owner="BuiltIn">
<msg time="2026-02-19T13:19:13.206741" level="FAIL">'https://assets.tagesspiegel.de/fonts/Abril_Text_Bold-extended.7e1a83a609780222181670109982a7a2.woff2' does not match '(?i)(registr|confirm|verify|activate|token)'</msg>
<arg>${link}</arg>
<arg>(?i)(registr|confirm|verify|activate|token)</arg>
<doc>Fails if ``string`` does not match ``pattern`` as a regular expression.</doc>
<status status="FAIL" start="2026-02-19T13:19:13.205580" elapsed="0.001416">'https://assets.tagesspiegel.de/fonts/Abril_Text_Bold-extended.7e1a83a609780222181670109982a7a2.woff2' does not match '(?i)(registr|confirm|verify|activate|token)'</status>
</kw>
<msg time="2026-02-19T13:19:13.207296" level="INFO">${is_registration_link} = False</msg>
<var>${is_registration_link}</var>
<arg>Should Match Regexp</arg>
<arg>${link}</arg>
<arg>(?i)(registr|confirm|verify|activate|token)</arg>
<doc>Runs the specified keyword and returns the status as a Boolean value.</doc>
<status status="PASS" start="2026-02-19T13:19:13.204270" elapsed="0.003120"/>
</kw>
<if>
<branch type="IF" condition="${is_registration_link}">
<kw name="Log" owner="BuiltIn">
<arg>Registration link found: ${link}</arg>
<doc>Logs the given message with the given level.</doc>
<status status="NOT RUN" start="2026-02-19T13:19:13.208748" elapsed="0.000141"/>
</kw>
<return>
<value>${link}</value>
<status status="NOT RUN" start="2026-02-19T13:19:13.209106" elapsed="0.000116"/>
</return>
<status status="NOT RUN" start="2026-02-19T13:19:13.207870" elapsed="0.001528"/>
</branch>
<status status="PASS" start="2026-02-19T13:19:13.207730" elapsed="0.001831"/>
</if>
<var name="${link}">https://assets.tagesspiegel.de/fonts/Abril_Text_Bold-extended.7e1a83a609780222181670109982a7a2.woff2</var>
<status status="PASS" start="2026-02-19T13:19:13.203732" elapsed="0.005945"/>
</iter>
<iter>
<kw name="Run Keyword And Return Status" owner="BuiltIn">
<kw name="Should Match Regexp" owner="BuiltIn">
<msg time="2026-02-19T13:19:13.214057" level="FAIL">'https://assets.tagesspiegel.de/fonts/Abril_Text_Bold-other.63f970ecd2e74982468d1d71a0d57603.woff2' does not match '(?i)(registr|confirm|verify|activate|token)'</msg>
<arg>${link}</arg>
<arg>(?i)(registr|confirm|verify|activate|token)</arg>
<doc>Fails if ``string`` does not match ``pattern`` as a regular expression.</doc>
<status status="FAIL" start="2026-02-19T13:19:13.212017" elapsed="0.002398">'https://assets.tagesspiegel.de/fonts/Abril_Text_Bold-other.63f970ecd2e74982468d1d71a0d57603.woff2' does not match '(?i)(registr|confirm|verify|activate|token)'</status>
</kw>
<msg time="2026-02-19T13:19:13.214856" level="INFO">${is_registration_link} = False</msg>
<var>${is_registration_link}</var>
<arg>Should Match Regexp</arg>
<arg>${link}</arg>
<arg>(?i)(registr|confirm|verify|activate|token)</arg>
<doc>Runs the specified keyword and returns the status as a Boolean value.</doc>
<status status="PASS" start="2026-02-19T13:19:13.210699" elapsed="0.004261"/>
</kw>
<if>
<branch type="IF" condition="${is_registration_link}">
<kw name="Log" owner="BuiltIn">
<arg>Registration link found: ${link}</arg>
<doc>Logs the given message with the given level.</doc>
<status status="NOT RUN" start="2026-02-19T13:19:13.215812" elapsed="0.000099"/>
</kw>
<return>
<value>${link}</value>
<status status="NOT RUN" start="2026-02-19T13:19:13.216098" elapsed="0.000081"/>
</return>
<status status="NOT RUN" start="2026-02-19T13:19:13.215284" elapsed="0.001026"/>
</branch>
<status status="PASS" start="2026-02-19T13:19:13.215214" elapsed="0.001217"/>
</if>
<var name="${link}">https://assets.tagesspiegel.de/fonts/Abril_Text_Bold-other.63f970ecd2e74982468d1d71a0d57603.woff2</var>
<status status="PASS" start="2026-02-19T13:19:13.210297" elapsed="0.006225"/>
</iter>
<iter>
<kw name="Run Keyword And Return Status" owner="BuiltIn">
<kw name="Should Match Regexp" owner="BuiltIn">
<msg time="2026-02-19T13:19:13.219457" level="FAIL">'https://assets.tagesspiegel.de/fonts/Abril_Text_BoldItalic-basic.1cd71e407d313b5db30f65b5a9bc639f.woff2' does not match '(?i)(registr|confirm|verify|activate|token)'</msg>
<arg>${link}</arg>
<arg>(?i)(registr|confirm|verify|activate|token)</arg>
<doc>Fails if ``string`` does not match ``pattern`` as a regular expression.</doc>
<status status="FAIL" start="2026-02-19T13:19:13.218410" elapsed="0.001260">'https://assets.tagesspiegel.de/fonts/Abril_Text_BoldItalic-basic.1cd71e407d313b5db30f65b5a9bc639f.woff2' does not match '(?i)(registr|confirm|verify|activate|token)'</status>
</kw>
<msg time="2026-02-19T13:19:13.220072" level="INFO">${is_registration_link} = False</msg>
<var>${is_registration_link}</var>
<arg>Should Match Regexp</arg>
<arg>${link}</arg>
<arg>(?i)(registr|confirm|verify|activate|token)</arg>
<doc>Runs the specified keyword and returns the status as a Boolean value.</doc>
<status status="PASS" start="2026-02-19T13:19:13.217426" elapsed="0.002901"/>
</kw>
<if>
<branch type="IF" condition="${is_registration_link}">
<kw name="Log" owner="BuiltIn">
<arg>Registration link found: ${link}</arg>
<doc>Logs the given message with the given level.</doc>
<status status="NOT RUN" start="2026-02-19T13:19:13.221848" elapsed="0.000252"/>
</kw>
<return>
<value>${link}</value>
<status status="NOT RUN" start="2026-02-19T13:19:13.222705" elapsed="0.000198"/>
</return>
<status status="NOT RUN" start="2026-02-19T13:19:13.220975" elapsed="0.002107"/>
</branch>
<status status="PASS" start="2026-02-19T13:19:13.220896" elapsed="0.002393"/>
</if>
<var name="${link}">https://assets.tagesspiegel.de/fonts/Abril_Text_BoldItalic-basic.1cd71e407d313b5db30f65b5a9bc639f.woff2</var>
<status status="PASS" start="2026-02-19T13:19:13.217037" elapsed="0.006395"/>
</iter>
<iter>
<kw name="Run Keyword And Return Status" owner="BuiltIn">
<kw name="Should Match Regexp" owner="BuiltIn">
<msg time="2026-02-19T13:19:13.227628" level="FAIL">'https://assets.tagesspiegel.de/fonts/Abril_Text_BoldItalic-extended.b170c650a27d0d4e8388a0d71fedf766.woff2' does not match '(?i)(registr|confirm|verify|activate|token)'</msg>
<arg>${link}</arg>
<arg>(?i)(registr|confirm|verify|activate|token)</arg>
<doc>Fails if ``string`` does not match ``pattern`` as a regular expression.</doc>
<status status="FAIL" start="2026-02-19T13:19:13.226726" elapsed="0.001078">'https://assets.tagesspiegel.de/fonts/Abril_Text_BoldItalic-extended.b170c650a27d0d4e8388a0d71fedf766.woff2' does not match '(?i)(registr|confirm|verify|activate|token)'</status>
</kw>
<msg time="2026-02-19T13:19:13.228090" level="INFO">${is_registration_link} = False</msg>
<var>${is_registration_link}</var>
<arg>Should Match Regexp</arg>
<arg>${link}</arg>
<arg>(?i)(registr|confirm|verify|activate|token)</arg>
<doc>Runs the specified keyword and returns the status as a Boolean value.</doc>
<status status="PASS" start="2026-02-19T13:19:13.224820" elapsed="0.003752"/>
</kw>
<if>
<branch type="IF" condition="${is_registration_link}">
<kw name="Log" owner="BuiltIn">
<arg>Registration link found: ${link}</arg>
<doc>Logs the given message with the given level.</doc>
<status status="NOT RUN" start="2026-02-19T13:19:13.229792" elapsed="0.000097"/>
</kw>
<return>
<value>${link}</value>
<status status="NOT RUN" start="2026-02-19T13:19:13.230089" elapsed="0.000061"/>
</return>
<status status="NOT RUN" start="2026-02-19T13:19:13.229215" elapsed="0.001189"/>
</branch>
<status status="PASS" start="2026-02-19T13:19:13.229134" elapsed="0.001429"/>
</if>
<var name="${link}">https://assets.tagesspiegel.de/fonts/Abril_Text_BoldItalic-extended.b170c650a27d0d4e8388a0d71fedf766.woff2</var>
<status status="PASS" start="2026-02-19T13:19:13.224210" elapsed="0.006446"/>
</iter>
<iter>
<kw name="Run Keyword And Return Status" owner="BuiltIn">
<kw name="Should Match Regexp" owner="BuiltIn">
<msg time="2026-02-19T13:19:13.234611" level="FAIL">'https://assets.tagesspiegel.de/fonts/Abril_Text_BoldItalic-other.743b66d7be6806c719e244333d62bffd.woff2' does not match '(?i)(registr|confirm|verify|activate|token)'</msg>
<arg>${link}</arg>
<arg>(?i)(registr|confirm|verify|activate|token)</arg>
<doc>Fails if ``string`` does not match ``pattern`` as a regular expression.</doc>
<status status="FAIL" start="2026-02-19T13:19:13.233159" elapsed="0.001725">'https://assets.tagesspiegel.de/fonts/Abril_Text_BoldItalic-other.743b66d7be6806c719e244333d62bffd.woff2' does not match '(?i)(registr|confirm|verify|activate|token)'</status>
</kw>
<msg time="2026-02-19T13:19:13.235340" level="INFO">${is_registration_link} = False</msg>
<var>${is_registration_link}</var>
<arg>Should Match Regexp</arg>
<arg>${link}</arg>
<arg>(?i)(registr|confirm|verify|activate|token)</arg>
<doc>Runs the specified keyword and returns the status as a Boolean value.</doc>
<status status="PASS" start="2026-02-19T13:19:13.231659" elapsed="0.003790"/>
</kw>
<if>
<branch type="IF" condition="${is_registration_link}">
<kw name="Log" owner="BuiltIn">
<arg>Registration link found: ${link}</arg>
<doc>Logs the given message with the given level.</doc>
<status status="NOT RUN" start="2026-02-19T13:19:13.236409" elapsed="0.000113"/>
</kw>
<return>
<value>${link}</value>
<status status="NOT RUN" start="2026-02-19T13:19:13.236738" elapsed="0.000087"/>
</return>
<status status="NOT RUN" start="2026-02-19T13:19:13.235801" elapsed="0.001202"/>
</branch>
<status status="PASS" start="2026-02-19T13:19:13.235730" elapsed="0.001393"/>
</if>
<var name="${link}">https://assets.tagesspiegel.de/fonts/Abril_Text_BoldItalic-other.743b66d7be6806c719e244333d62bffd.woff2</var>
<status status="PASS" start="2026-02-19T13:19:13.231250" elapsed="0.005960"/>
</iter>
<iter>
<kw name="Run Keyword And Return Status" owner="BuiltIn">
<kw name="Should Match Regexp" owner="BuiltIn">
<msg time="2026-02-19T13:19:13.239905" level="FAIL">'https://github.com/TedGoas/Cerberus/issues/89' does not match '(?i)(registr|confirm|verify|activate|token)'</msg>
<arg>${link}</arg>
<arg>(?i)(registr|confirm|verify|activate|token)</arg>
<doc>Fails if ``string`` does not match ``pattern`` as a regular expression.</doc>
<status status="FAIL" start="2026-02-19T13:19:13.239062" elapsed="0.001000">'https://github.com/TedGoas/Cerberus/issues/89' does not match '(?i)(registr|confirm|verify|activate|token)'</status>
</kw>
<msg time="2026-02-19T13:19:13.240443" level="INFO">${is_registration_link} = False</msg>
<var>${is_registration_link}</var>
<arg>Should Match Regexp</arg>
<arg>${link}</arg>
<arg>(?i)(registr|confirm|verify|activate|token)</arg>
<doc>Runs the specified keyword and returns the status as a Boolean value.</doc>
<status status="PASS" start="2026-02-19T13:19:13.238053" elapsed="0.002459"/>
</kw>
<if>
<branch type="IF" condition="${is_registration_link}">
<kw name="Log" owner="BuiltIn">
<arg>Registration link found: ${link}</arg>
<doc>Logs the given message with the given level.</doc>
<status status="NOT RUN" start="2026-02-19T13:19:13.241217" elapsed="0.000072"/>
</kw>
<return>
<value>${link}</value>
<status status="NOT RUN" start="2026-02-19T13:19:13.241406" elapsed="0.000052"/>
</return>
<status status="NOT RUN" start="2026-02-19T13:19:13.240747" elapsed="0.000796"/>
</branch>
<status status="PASS" start="2026-02-19T13:19:13.240702" elapsed="0.000974"/>
</if>
<var name="${link}">https://github.com/TedGoas/Cerberus/issues/89</var>
<status status="PASS" start="2026-02-19T13:19:13.237704" elapsed="0.004086"/>
</iter>
<iter>
<kw name="Run Keyword And Return Status" owner="BuiltIn">
<kw name="Should Match Regexp" owner="BuiltIn">
<msg time="2026-02-19T13:19:13.245207" level="FAIL">'https://mein.tagesspiegel.de/themes/frontend/tagesspiegel/assets/img/mail/tsp-logo.png' does not match '(?i)(registr|confirm|verify|activate|token)'</msg>
<arg>${link}</arg>
<arg>(?i)(registr|confirm|verify|activate|token)</arg>
<doc>Fails if ``string`` does not match ``pattern`` as a regular expression.</doc>
<status status="FAIL" start="2026-02-19T13:19:13.243605" elapsed="0.001840">'https://mein.tagesspiegel.de/themes/frontend/tagesspiegel/assets/img/mail/tsp-logo.png' does not match '(?i)(registr|confirm|verify|activate|token)'</status>
</kw>
<msg time="2026-02-19T13:19:13.245911" level="INFO">${is_registration_link} = False</msg>
<var>${is_registration_link}</var>
<arg>Should Match Regexp</arg>
<arg>${link}</arg>
<arg>(?i)(registr|confirm|verify|activate|token)</arg>
<doc>Runs the specified keyword and returns the status as a Boolean value.</doc>
<status status="PASS" start="2026-02-19T13:19:13.242469" elapsed="0.003560"/>
</kw>
<if>
<branch type="IF" condition="${is_registration_link}">
<kw name="Log" owner="BuiltIn">
<arg>Registration link found: ${link}</arg>
<doc>Logs the given message with the given level.</doc>
<status status="NOT RUN" start="2026-02-19T13:19:13.246606" elapsed="0.000101"/>
</kw>
<return>
<value>${link}</value>
<status status="NOT RUN" start="2026-02-19T13:19:13.246843" elapsed="0.000050"/>
</return>
<status status="NOT RUN" start="2026-02-19T13:19:13.246243" elapsed="0.000720"/>
</branch>
<status status="PASS" start="2026-02-19T13:19:13.246198" elapsed="0.000921"/>
</if>
<var name="${link}">https://mein.tagesspiegel.de/themes/frontend/tagesspiegel/assets/img/mail/tsp-logo.png</var>
<status status="PASS" start="2026-02-19T13:19:13.242120" elapsed="0.005083"/>
</iter>
<iter>
<kw name="Run Keyword And Return Status" owner="BuiltIn">
<kw name="Should Match Regexp" owner="BuiltIn">
<msg time="2026-02-19T13:19:13.250705" level="FAIL">'https://mein.tagesspiegel.de/themes/frontend/tagesspiegel/assets/img/mail/tgs-aufmacher.png' does not match '(?i)(registr|confirm|verify|activate|token)'</msg>
<arg>${link}</arg>
<arg>(?i)(registr|confirm|verify|activate|token)</arg>
<doc>Fails if ``string`` does not match ``pattern`` as a regular expression.</doc>
<status status="FAIL" start="2026-02-19T13:19:13.249403" elapsed="0.001593">'https://mein.tagesspiegel.de/themes/frontend/tagesspiegel/assets/img/mail/tgs-aufmacher.png' does not match '(?i)(registr|confirm|verify|activate|token)'</status>
</kw>
<msg time="2026-02-19T13:19:13.251510" level="INFO">${is_registration_link} = False</msg>
<var>${is_registration_link}</var>
<arg>Should Match Regexp</arg>
<arg>${link}</arg>
<arg>(?i)(registr|confirm|verify|activate|token)</arg>
<doc>Runs the specified keyword and returns the status as a Boolean value.</doc>
<status status="PASS" start="2026-02-19T13:19:13.248192" elapsed="0.003380"/>
</kw>
<if>
<branch type="IF" condition="${is_registration_link}">
<kw name="Log" owner="BuiltIn">
<arg>Registration link found: ${link}</arg>
<doc>Logs the given message with the given level.</doc>
<status status="NOT RUN" start="2026-02-19T13:19:13.252288" elapsed="0.000077"/>
</kw>
<return>
<value>${link}</value>
<status status="NOT RUN" start="2026-02-19T13:19:13.252487" elapsed="0.000110"/>
</return>
<status status="NOT RUN" start="2026-02-19T13:19:13.251806" elapsed="0.000913"/>
</branch>
<status status="PASS" start="2026-02-19T13:19:13.251754" elapsed="0.001033"/>
</if>
<var name="${link}">https://mein.tagesspiegel.de/themes/frontend/tagesspiegel/assets/img/mail/tgs-aufmacher.png</var>
<status status="PASS" start="2026-02-19T13:19:13.247755" elapsed="0.005084"/>
</iter>
<iter>
<kw name="Run Keyword And Return Status" owner="BuiltIn">
<kw name="Should Match Regexp" owner="BuiltIn">
<arg>${link}</arg>
<arg>(?i)(registr|confirm|verify|activate|token)</arg>
<doc>Fails if ``string`` does not match ``pattern`` as a regular expression.</doc>
<status status="PASS" start="2026-02-19T13:19:13.254309" elapsed="0.001004"/>
</kw>
<msg time="2026-02-19T13:19:13.255681" level="INFO">${is_registration_link} = True</msg>
<var>${is_registration_link}</var>
<arg>Should Match Regexp</arg>
<arg>${link}</arg>
<arg>(?i)(registr|confirm|verify|activate|token)</arg>
<doc>Runs the specified keyword and returns the status as a Boolean value.</doc>
<status status="PASS" start="2026-02-19T13:19:13.253538" elapsed="0.002284"/>
</kw>
<if>
<branch type="IF" condition="${is_registration_link}">
<kw name="Log" owner="BuiltIn">
<msg time="2026-02-19T13:19:13.258499" level="INFO">Registration link found: https://mein.tagesspiegel.de/verify-token/3f1166e18a4a2081d9861069d2824cf2841c8da5?utm_source=optin-email&amp;amp;utm_medium=email&amp;amp;utm_campaign=meintgs-optin</msg>
<arg>Registration link found: ${link}</arg>
<doc>Logs the given message with the given level.</doc>
<status status="PASS" start="2026-02-19T13:19:13.256955" elapsed="0.001851"/>
</kw>
<return>
<value>${link}</value>
<status status="PASS" start="2026-02-19T13:19:13.259075" elapsed="0.000158"/>
</return>
<status status="PASS" start="2026-02-19T13:19:13.256179" elapsed="0.003425"/>
</branch>
<status status="PASS" start="2026-02-19T13:19:13.256110" elapsed="0.003797"/>
</if>
<var name="${link}">https://mein.tagesspiegel.de/verify-token/3f1166e18a4a2081d9861069d2824cf2841c8da5?utm_source=optin-email&amp;amp;utm_medium=email&amp;amp;utm_campaign=meintgs-optin</var>
<status status="PASS" start="2026-02-19T13:19:13.253129" elapsed="0.006915"/>
</iter>
<var>${link}</var>
<value>@{links}</value>
<status status="PASS" start="2026-02-19T13:19:12.982839" elapsed="0.277404"/>
</for>
<kw name="Get Length" owner="BuiltIn">
<var>${length}</var>
<arg>${links}</arg>
<doc>Returns and logs the length of the given item as an integer.</doc>
<status status="NOT RUN" start="2026-02-19T13:19:13.260937" elapsed="0.000099"/>
</kw>
<if>
<branch type="IF" condition="${length} &gt; 0">
<kw name="Log" owner="BuiltIn">
<arg>No registration link found, but links were present. Returning the first link: ${links}[0]</arg>
<doc>Logs the given message with the given level.</doc>
<status status="NOT RUN" start="2026-02-19T13:19:13.262243" elapsed="0.000119"/>
</kw>
<return>
<value>${links}[0]</value>
<status status="NOT RUN" start="2026-02-19T13:19:13.262575" elapsed="0.000119"/>
</return>
<status status="NOT RUN" start="2026-02-19T13:19:13.261760" elapsed="0.001103"/>
</branch>
<branch type="ELSE">
<kw name="Fail" owner="BuiltIn">
<arg>No links found in the email body for recipient: ${recipient_email}</arg>
<doc>Fails the test with the given message and optionally alters its tags.</doc>
<status status="NOT RUN" start="2026-02-19T13:19:13.263629" elapsed="0.000230"/>
</kw>
<status status="NOT RUN" start="2026-02-19T13:19:13.263010" elapsed="0.001036"/>
</branch>
<status status="NOT RUN" start="2026-02-19T13:19:13.261664" elapsed="0.002548"/>
</if>
<msg time="2026-02-19T13:19:13.264690" level="INFO">${link} = https://mein.tagesspiegel.de/verify-token/3f1166e18a4a2081d9861069d2824cf2841c8da5?utm_source=optin-email&amp;amp;utm_medium=email&amp;amp;utm_campaign=meintgs-optin</msg>
<var>${link}</var>
<arg>${body}</arg>
<doc>This keyword extracts the registration link from the body of the latest email
sent to the specified recipient.</doc>
<status status="PASS" start="2026-02-19T13:19:12.977170" elapsed="0.287630"/>
</kw>
<return>
<value>${link}</value>
<status status="PASS" start="2026-02-19T13:19:13.265007" elapsed="0.000122"/>
</return>
<arg>${recipient_email}</arg>
<doc>This keyword retrieves the registration link
from the latest email sent to the specified recipient without waiting</doc>
<status status="PASS" start="2026-02-19T13:19:12.398914" elapsed="0.866599"/>
</kw>
<msg time="2026-02-19T13:19:13.265854" level="INFO">${link} = https://mein.tagesspiegel.de/verify-token/3f1166e18a4a2081d9861069d2824cf2841c8da5?utm_source=optin-email&amp;amp;utm_medium=email&amp;amp;utm_campaign=meintgs-optin</msg>
<var>${link}</var>
<arg>3 min</arg>
<arg>10 s</arg>
<arg>Get Registration Link Once</arg>
<arg>${recipient_email}</arg>
<doc>Runs the specified keyword and retries if it fails.</doc>
<status status="PASS" start="2026-02-19T13:19:12.397220" elapsed="0.868742"/>
</kw>
<return>
<value>${link}</value>
<status status="PASS" start="2026-02-19T13:19:13.266230" elapsed="0.000126"/>
</return>
<msg time="2026-02-19T13:19:13.266822" level="INFO">${registration_link} = https://mein.tagesspiegel.de/verify-token/3f1166e18a4a2081d9861069d2824cf2841c8da5?utm_source=optin-email&amp;amp;utm_medium=email&amp;amp;utm_campaign=meintgs-optin</msg>
<var>${registration_link}</var>
<arg>${recipient_email}</arg>
<doc>This keyword waits for the registration email to arrive in the inbox</doc>
<status status="PASS" start="2026-02-19T13:19:12.396359" elapsed="0.870577"/>
</kw>
<return>
<value>${registration_link}</value>
<status status="PASS" start="2026-02-19T13:19:13.267154" elapsed="0.000204"/>
</return>
<msg time="2026-02-19T13:19:13.268050" level="INFO">${reg_link} = https://mein.tagesspiegel.de/verify-token/3f1166e18a4a2081d9861069d2824cf2841c8da5?utm_source=optin-email&amp;amp;utm_medium=email&amp;amp;utm_campaign=meintgs-optin</msg>
<var>${reg_link}</var>
<arg>${randon_email}</arg>
<arg>${GMAIL_USER}</arg>
<arg>${GMAIL_APP_PASSWORD}</arg>
<doc>This keyword retrieves the registration link from the
latest email sent to the specified recipient</doc>
<status status="PASS" start="2026-02-19T13:19:11.955410" elapsed="1.312750"/>
</kw>
<kw name="Log" owner="BuiltIn">
<msg time="2026-02-19T13:19:13.271223" level="INFO">Registration link received: https://mein.tagesspiegel.de/verify-token/3f1166e18a4a2081d9861069d2824cf2841c8da5?utm_source=optin-email&amp;amp;utm_medium=email&amp;amp;utm_campaign=meintgs-optin</msg>
<arg>Registration link received: ${reg_link}</arg>
<doc>Logs the given message with the given level.</doc>
<status status="PASS" start="2026-02-19T13:19:13.270026" elapsed="0.001420"/>
</kw>
<kw name="Go To" owner="SeleniumLibrary">
<msg time="2026-02-19T13:19:13.273713" level="INFO">Opening url 'https://mein.tagesspiegel.de/verify-token/3f1166e18a4a2081d9861069d2824cf2841c8da5?utm_source=optin-email&amp;amp;utm_medium=email&amp;amp;utm_campaign=meintgs-optin'</msg>
<arg>${reg_link}</arg>
<doc>Navigates the current browser window to the provided ``url``.</doc>
<status status="PASS" start="2026-02-19T13:19:13.273210" elapsed="1.769446"/>
</kw>
<kw name="Verify Password Set Page Is Open" owner="NewPasswordPage">
<kw name="Wait Until Element Is Visible" owner="SeleniumLibrary">
<arg>${PASSWORD_HEADER}</arg>
<arg>${WAIT_TIME_20SEC}</arg>
<doc>Waits until the element ``locator`` is visible.</doc>
<status status="PASS" start="2026-02-19T13:19:15.046889" elapsed="0.117465"/>
</kw>
<doc>This keyword verifies that the user is on the password set page
by checking the presence of the header "Passwort vergeben"</doc>
<status status="PASS" start="2026-02-19T13:19:15.044836" elapsed="0.120300"/>
</kw>
<kw name="Fill New Password Form" owner="NewPasswordPage">
<kw name="Generate Random String" owner="String">
<msg time="2026-02-19T13:19:15.170525" level="INFO">${RANDOM_STRING} = mTRd</msg>
<var>${RANDOM_STRING}</var>
<arg>4</arg>
<arg>[LETTERS]</arg>
<doc>Generates a string with a desired ``length`` from the given ``chars``.</doc>
<status status="PASS" start="2026-02-19T13:19:15.168774" elapsed="0.001910"/>
</kw>
<kw name="Set Variable" owner="BuiltIn">
<msg time="2026-02-19T13:19:15.173888" level="INFO">${NEW_PASSWORD} = Welcome@1mTRd</msg>
<var>${NEW_PASSWORD}</var>
<arg>Welcome@1${RANDOM_STRING}</arg>
<doc>Returns the given values which can then be assigned to a variables.</doc>
<status status="PASS" start="2026-02-19T13:19:15.171765" elapsed="0.002353"/>
</kw>
<kw name="Input Text" owner="SeleniumLibrary">
<msg time="2026-02-19T13:19:15.176476" level="INFO">Typing text 'Welcome@1mTRd' into text field 'xpath=//input[@id="forms/formSetPassword_password"]'.</msg>
<arg>${NEW_PASSWORD_FIELD}</arg>
<arg>${NEW_PASSWORD}</arg>
<doc>Types the given ``text`` into the text field identified by ``locator``.</doc>
<status status="PASS" start="2026-02-19T13:19:15.175061" elapsed="0.505646"/>
</kw>
<kw name="Wait Until Element Is Visible" owner="SeleniumLibrary">
<arg>${CONFIRM_PASSWORD_FIELD}</arg>
<arg>${WAIT_TIME_10SEC}</arg>
<doc>Waits until the element ``locator`` is visible.</doc>
<status status="PASS" start="2026-02-19T13:19:15.681568" elapsed="0.132404"/>
</kw>
<kw name="Input Text" owner="SeleniumLibrary">
<msg time="2026-02-19T13:19:15.816162" level="INFO">Typing text 'Welcome@1mTRd' into text field 'xpath=//input[@id="forms/formSetPassword_password_confirmation"]'.</msg>
<arg>${CONFIRM_PASSWORD_FIELD}</arg>
<arg>${NEW_PASSWORD}</arg>
<doc>Types the given ``text`` into the text field identified by ``locator``.</doc>
<status status="PASS" start="2026-02-19T13:19:15.815053" elapsed="0.430002"/>
</kw>
<doc>This keyword fills the new password form with a generated password and confirms it</doc>
<status status="PASS" start="2026-02-19T13:19:15.167013" elapsed="1.078294"/>
</kw>
<kw name="Click On Submit Button By Accepting Permissions" owner="NewPasswordPage">
<kw name="Wait Until Element Is Visible" owner="SeleniumLibrary">
<arg>${SUBMIT_BUTTON}</arg>
<arg>${WAIT_TIME_10SEC}</arg>
<doc>Waits until the element ``locator`` is visible.</doc>
<status status="PASS" start="2026-02-19T13:19:16.246483" elapsed="0.109844"/>
</kw>
<kw name="Capture Page Screenshot" owner="SeleniumLibrary">
<msg time="2026-02-19T13:19:16.767273" level="INFO" html="true">&lt;/td&gt;&lt;/tr&gt;&lt;tr&gt;&lt;td colspan="3"&gt;&lt;a href="before_password_submit.png"&gt;&lt;img src="before_password_submit.png" width="800px"&gt;&lt;/a&gt;</msg>
<arg>before_password_submit.png</arg>
<doc>Takes a screenshot of the current page and embeds it into a log file.</doc>
<status status="PASS" start="2026-02-19T13:19:16.356741" elapsed="0.411065"/>
</kw>
<kw name="Click Element" owner="SeleniumLibrary">
<msg time="2026-02-19T13:19:16.769611" level="INFO">Clicking element 'xpath=//button[@type='submit'] | //input[@type='submit']'.</msg>
<arg>${SUBMIT_BUTTON}</arg>
<doc>Click the element identified by ``locator``.</doc>
<status status="PASS" start="2026-02-19T13:19:16.768654" elapsed="0.402805"/>
</kw>
<kw name="Capture Page Screenshot" owner="SeleniumLibrary">
<msg time="2026-02-19T13:19:17.495035" level="INFO" html="true">&lt;/td&gt;&lt;/tr&gt;&lt;tr&gt;&lt;td colspan="3"&gt;&lt;a href="after_password_submit.png"&gt;&lt;img src="after_password_submit.png" width="800px"&gt;&lt;/a&gt;</msg>
<arg>after_password_submit.png</arg>
<doc>Takes a screenshot of the current page and embeds it into a log file.</doc>
<status status="PASS" start="2026-02-19T13:19:17.172686" elapsed="0.322637"/>
</kw>
<doc>This keyword clicks on the submit button to set the new password</doc>
<status status="PASS" start="2026-02-19T13:19:16.245928" elapsed="1.249714"/>
</kw>
<kw name="Verify User is Logged In" owner="AccountPage">
<kw name="Sleep" owner="BuiltIn">
<msg time="2026-02-19T13:19:20.499179" level="INFO">Slept 3 seconds.</msg>
<msg time="2026-02-19T13:19:20.499372" level="INFO">Wait for the page to load after login</msg>
<arg>3s</arg>
<arg>reason=Wait for the page to load after login</arg>
<doc>Pauses the test executed for the given time.</doc>
<status status="PASS" start="2026-02-19T13:19:17.497985" elapsed="3.001578"/>
</kw>
<kw name="Capture Page Screenshot" owner="SeleniumLibrary">
<msg time="2026-02-19T13:19:20.688892" level="INFO" html="true">&lt;/td&gt;&lt;/tr&gt;&lt;tr&gt;&lt;td colspan="3"&gt;&lt;a href="verify_logged_in_state.png"&gt;&lt;img src="verify_logged_in_state.png" width="800px"&gt;&lt;/a&gt;</msg>
<arg>verify_logged_in_state.png</arg>
<doc>Takes a screenshot of the current page and embeds it into a log file.</doc>
<status status="PASS" start="2026-02-19T13:19:20.500722" elapsed="0.188338"/>
</kw>
<kw name="Page Should Not Contain Element" owner="SeleniumLibrary">
<msg time="2026-02-19T13:19:20.704923" level="INFO">Current page does not contain element 'xpath=//a[@data-gtm-link-text='Anmelden']'.</msg>
<arg>${ANMELDEN_LINK}</arg>
<doc>Verifies that element ``locator`` is not found on the current page.</doc>
<status status="PASS" start="2026-02-19T13:19:20.689440" elapsed="0.015661"/>
</kw>
<kw name="Page Should Contain" owner="SeleniumLibrary">
<msg time="2026-02-19T13:19:20.746319" level="INFO">Current page contains text 'John'.</msg>
<arg>${first_name}</arg>
<doc>Verifies that current page contains ``text``.</doc>
<status status="PASS" start="2026-02-19T13:19:20.705784" elapsed="0.040797"/>
</kw>
<kw name="Page Should Contain" owner="SeleniumLibrary">
<msg time="2026-02-19T13:19:20.776109" level="INFO">Current page contains text 'Doew'.</msg>
<arg>${last_name}</arg>
<doc>Verifies that current page contains ``text``.</doc>
<status status="PASS" start="2026-02-19T13:19:20.746996" elapsed="0.029333"/>
</kw>
<kw name="Run Keyword And Return Status" owner="BuiltIn">
<kw name="Page Should Contain" owner="SeleniumLibrary">
<msg time="2026-02-19T13:19:20.827760" level="INFO">Current page contains text 'Mein Konto'.</msg>
<arg>Mein Konto</arg>
<doc>Verifies that current page contains ``text``.</doc>
<status status="PASS" start="2026-02-19T13:19:20.777860" elapsed="0.050197"/>
</kw>
<msg time="2026-02-19T13:19:20.828593" level="INFO">${has_mein_konto} = True</msg>
<var>${has_mein_konto}</var>
<arg>Page Should Contain</arg>
<arg>Mein Konto</arg>
<doc>Runs the specified keyword and returns the status as a Boolean value.</doc>
<status status="PASS" start="2026-02-19T13:19:20.776784" elapsed="0.051944"/>
</kw>
<if>
<branch type="IF" condition="not ${has_mein_konto}">
<kw name="Page Should Contain" owner="SeleniumLibrary">
<arg>Mein Bereich</arg>
<doc>Verifies that current page contains ``text``.</doc>
<status status="NOT RUN" start="2026-02-19T13:19:20.830893" elapsed="0.000146"/>
</kw>
<status status="NOT RUN" start="2026-02-19T13:19:20.829266" elapsed="0.001994"/>
</branch>
<status status="PASS" start="2026-02-19T13:19:20.829180" elapsed="0.002344"/>
</if>
<arg>${vorname}</arg>
<arg>${nachname}</arg>
<doc>This keyword verifies that the user is logged in by checking
the presence of the "My Account" header, URL, First Name and Last Name</doc>
<status status="PASS" start="2026-02-19T13:19:17.496822" elapsed="3.334962"/>
</kw>
<doc>This test case verifies that the user can navigate to the registration page
by clicking on the "Anmelden" button and then clicking on the "Register" tab.</doc>
<status status="PASS" start="2026-02-19T13:18:59.935567" elapsed="20.897182"/>
</test>
<status status="PASS" start="2026-02-19T13:18:49.820486" elapsed="31.014458"/>
</suite>
<statistics>
<total>
<stat pass="1" fail="0" skip="0">All Tests</stat>
</total>
<tag>
</tag>
<suite>
<stat name="e2e registration Test" id="s1" pass="1" fail="0" skip="0">e2e registration Test</stat>
</suite>
</statistics>
<errors>
</errors>
</robot>
